This is XeTeX, Version 3.14159265-2.6-0.99999 (TeX Live 2018) (preloaded format=xelatex 2018.8.15)  7 SEP 2018 15:02
entering extended mode
 restricted \write18 enabled.
 %&-line parsing enabled.
**syntax01.tex
(./syntax01.tex
LaTeX2e <2018-04-01> patch level 5
(/usr/local/texlive/2018/texmf-dist/tex/latex/koma-script/scrartcl.cls
Document Class: scrartcl 2018/03/30 v3.25 KOMA-Script document class (article)
(/usr/local/texlive/2018/texmf-dist/tex/latex/koma-script/scrkbase.sty
Package: scrkbase 2018/03/30 v3.25 KOMA-Script package (KOMA-Script-dependent b
asics and keyval usage)

(/usr/local/texlive/2018/texmf-dist/tex/latex/koma-script/scrbase.sty
Package: scrbase 2018/03/30 v3.25 KOMA-Script package (KOMA-Script-independent 
basics and keyval usage)

(/usr/local/texlive/2018/texmf-dist/tex/latex/graphics/keyval.sty
Package: keyval 2014/10/28 v1.15 key=value parser (DPC)
\KV@toks@=\toks14
)
(/usr/local/texlive/2018/texmf-dist/tex/latex/koma-script/scrlfile.sty
Package: scrlfile 2018/03/30 v3.25 KOMA-Script package (loading files)
)))
(/usr/local/texlive/2018/texmf-dist/tex/latex/koma-script/tocbasic.sty
Package: tocbasic 2018/03/30 v3.25 KOMA-Script package (handling toc-files)
\scr@dte@tocline@numberwidth=\skip41
\scr@dte@tocline@numbox=\box26
)
Package tocbasic Info: omitting babel extension for `toc'
(tocbasic)             because of feature `nobabel' available
(tocbasic)             for `toc' on input line 134.
Class scrartcl Info: File `scrsize11pt.clo' used instead of
(scrartcl)           file `scrsize11.clo' to setup font sizes on input line 211
4.

(/usr/local/texlive/2018/texmf-dist/tex/latex/koma-script/scrsize11pt.clo
File: scrsize11pt.clo 2018/03/30 v3.25 KOMA-Script font size class option (11pt
)
)
(/usr/local/texlive/2018/texmf-dist/tex/latex/koma-script/typearea.sty
Package: typearea 2018/03/30 v3.25 KOMA-Script package (type area)
\ta@bcor=\skip42
\ta@div=\count80
Package typearea Info: You've used standard option `a4paper'.
(typearea)             This is correct!
(typearea)             Internally I'm using `paper=a4'.
(typearea)             If you'd like to set the option with \KOMAoptions,
(typearea)             you'd have to use `paper=a4' there
(typearea)             instead of `a4paper', too.
\ta@hblk=\skip43
\ta@vblk=\skip44
\ta@temp=\skip45
\footheight=\skip46
Package typearea Info: These are the values describing the layout:
(typearea)             DIV  = 10
(typearea)             BCOR = 0.0pt
(typearea)             \paperwidth      = 597.50793pt
(typearea)              \textwidth      = 418.25555pt
(typearea)              DIV departure   = -6%
(typearea)              \evensidemargin = 17.3562pt
(typearea)              \oddsidemargin  = 17.3562pt
(typearea)             \paperheight     = 845.04694pt
(typearea)              \textheight     = 595.80026pt
(typearea)              \topmargin      = -25.16531pt
(typearea)              \headheight     = 17.0pt
(typearea)              \headsep        = 20.40001pt
(typearea)              \topskip        = 11.0pt
(typearea)              \footskip       = 47.6pt
(typearea)              \baselineskip   = 13.6pt
(typearea)              on input line 1706.
)
\c@part=\count81
\c@section=\count82
\c@subsection=\count83
\c@subsubsection=\count84
\c@paragraph=\count85
\c@subparagraph=\count86
\scr@dte@part@maxnumwidth=\skip47
\scr@dte@section@maxnumwidth=\skip48
\scr@dte@subsection@maxnumwidth=\skip49
\scr@dte@subsubsection@maxnumwidth=\skip50
\scr@dte@paragraph@maxnumwidth=\skip51
\scr@dte@subparagraph@maxnumwidth=\skip52
\abovecaptionskip=\skip53
\belowcaptionskip=\skip54
\c@pti@nb@sid@b@x=\box27
\scr@dte@figure@maxnumwidth=\skip55
Package tocbasic Info: omitting babel extension for `lof'
(tocbasic)             because of feature `nobabel' available
(tocbasic)             for `lof' on input line 5439.
\c@figure=\count87
\scr@dte@table@maxnumwidth=\skip56
Package tocbasic Info: omitting babel extension for `lot'
(tocbasic)             because of feature `nobabel' available
(tocbasic)             for `lot' on input line 5451.
\c@table=\count88
Class scrartcl Info: Redefining `\numberline' on input line 5615.
\bibindent=\dimen102
)
(/usr/local/texlive/2018/texmf-dist/tex/latex/fontspec/fontspec.sty
(/usr/local/texlive/2018/texmf-dist/tex/latex/l3packages/xparse/xparse.sty
(/usr/local/texlive/2018/texmf-dist/tex/latex/l3kernel/expl3.sty
Package: expl3 2018-06-14 L3 programming layer (loader) 

(/usr/local/texlive/2018/texmf-dist/tex/latex/l3kernel/expl3-code.tex
Package: expl3 2018-06-14 L3 programming layer (code)
\c_max_int=\count89
\l_tmpa_int=\count90
\l_tmpb_int=\count91
\g_tmpa_int=\count92
\g_tmpb_int=\count93
\g__kernel_prg_map_int=\count94
\c_log_iow=\count95
\l_iow_line_count_int=\count96
\l__iow_line_target_int=\count97
\l__iow_one_indent_int=\count98
\l__iow_indent_int=\count99
\c_zero_dim=\dimen103
\c_max_dim=\dimen104
\l_tmpa_dim=\dimen105
\l_tmpb_dim=\dimen106
\g_tmpa_dim=\dimen107
\g_tmpb_dim=\dimen108
\c_zero_skip=\skip57
\c_max_skip=\skip58
\l_tmpa_skip=\skip59
\l_tmpb_skip=\skip60
\g_tmpa_skip=\skip61
\g_tmpb_skip=\skip62
\c_zero_muskip=\muskip10
\c_max_muskip=\muskip11
\l_tmpa_muskip=\muskip12
\l_tmpb_muskip=\muskip13
\g_tmpa_muskip=\muskip14
\g_tmpb_muskip=\muskip15
\l_keys_choice_int=\count100
\l__intarray_loop_int=\count101
\c__intarray_sp_dim=\dimen109
\g__intarray_font_int=\count102
\c__fp_leading_shift_int=\count103
\c__fp_middle_shift_int=\count104
\c__fp_trailing_shift_int=\count105
\c__fp_big_leading_shift_int=\count106
\c__fp_big_middle_shift_int=\count107
\c__fp_big_trailing_shift_int=\count108
\c__fp_Bigg_leading_shift_int=\count109
\c__fp_Bigg_middle_shift_int=\count110
\c__fp_Bigg_trailing_shift_int=\count111
\g__fp_array_int=\count112
\l__fp_array_loop_int=\count113
\l__sort_length_int=\count114
\l__sort_min_int=\count115
\l__sort_top_int=\count116
\l__sort_max_int=\count117
\l__sort_true_max_int=\count118
\l__sort_block_int=\count119
\l__sort_begin_int=\count120
\l__sort_end_int=\count121
\l__sort_A_int=\count122
\l__sort_B_int=\count123
\l__sort_C_int=\count124
\l__tl_analysis_normal_int=\count125
\l__tl_analysis_index_int=\count126
\l__tl_analysis_nesting_int=\count127
\l__tl_analysis_type_int=\count128
\l__regex_internal_a_int=\count129
\l__regex_internal_b_int=\count130
\l__regex_internal_c_int=\count131
\l__regex_balance_int=\count132
\l__regex_group_level_int=\count133
\l__regex_mode_int=\count134
\c__regex_cs_in_class_mode_int=\count135
\c__regex_cs_mode_int=\count136
\l__regex_catcodes_int=\count137
\l__regex_default_catcodes_int=\count138
\c__regex_catcode_L_int=\count139
\c__regex_catcode_O_int=\count140
\c__regex_catcode_A_int=\count141
\c__regex_all_catcodes_int=\count142
\l__regex_show_lines_int=\count143
\l__regex_min_state_int=\count144
\l__regex_max_state_int=\count145
\l__regex_left_state_int=\count146
\l__regex_right_state_int=\count147
\l__regex_capturing_group_int=\count148
\l__regex_min_pos_int=\count149
\l__regex_max_pos_int=\count150
\l__regex_curr_pos_int=\count151
\l__regex_start_pos_int=\count152
\l__regex_success_pos_int=\count153
\l__regex_curr_char_int=\count154
\l__regex_curr_catcode_int=\count155
\l__regex_last_char_int=\count156
\l__regex_case_changed_char_int=\count157
\l__regex_curr_state_int=\count158
\l__regex_step_int=\count159
\l__regex_min_active_int=\count160
\l__regex_max_active_int=\count161
\l__regex_replacement_csnames_int=\count162
\l__regex_match_count_int=\count163
\l__regex_min_submatch_int=\count164
\l__regex_submatch_int=\count165
\l__regex_zeroth_submatch_int=\count166
\g__regex_trace_regex_int=\count167
\c_empty_box=\box28
\l_tmpa_box=\box29
\l_tmpb_box=\box30
\g_tmpa_box=\box31
\g_tmpb_box=\box32
\l__box_top_dim=\dimen110
\l__box_bottom_dim=\dimen111
\l__box_left_dim=\dimen112
\l__box_right_dim=\dimen113
\l__box_top_new_dim=\dimen114
\l__box_bottom_new_dim=\dimen115
\l__box_left_new_dim=\dimen116
\l__box_right_new_dim=\dimen117
\l__box_internal_box=\box33
\l__coffin_internal_box=\box34
\l__coffin_internal_dim=\dimen118
\l__coffin_offset_x_dim=\dimen119
\l__coffin_offset_y_dim=\dimen120
\l__coffin_x_dim=\dimen121
\l__coffin_y_dim=\dimen122
\l__coffin_x_prime_dim=\dimen123
\l__coffin_y_prime_dim=\dimen124
\c_empty_coffin=\box35
\l__coffin_aligned_coffin=\box36
\l__coffin_aligned_internal_coffin=\box37
\l_tmpa_coffin=\box38
\l_tmpb_coffin=\box39
\l__coffin_display_coffin=\box40
\l__coffin_display_coord_coffin=\box41
\l__coffin_display_pole_coffin=\box42
\l__coffin_display_offset_dim=\dimen125
\l__coffin_display_x_dim=\dimen126
\l__coffin_display_y_dim=\dimen127
\g__file_internal_ior=\read1
\l__coffin_bounding_shift_dim=\dimen128
\l__coffin_left_corner_dim=\dimen129
\l__coffin_right_corner_dim=\dimen130
\l__coffin_bottom_corner_dim=\dimen131
\l__coffin_top_corner_dim=\dimen132
\l__coffin_scaled_total_height_dim=\dimen133
\l__coffin_scaled_width_dim=\dimen134
)
(/usr/local/texlive/2018/texmf-dist/tex/latex/l3kernel/l3xdvipdfmx.def
File: l3xdvidpfmx.def 2018-06-14 v L3 Experimental driver: xdvipdfmx
\g__driver_image_int=\count168
))
Package: xparse 2018-05-12 L3 Experimental document command parser
\l__xparse_current_arg_int=\count169
\g__xparse_grabber_int=\count170
\l__xparse_m_args_int=\count171
\l__xparse_mandatory_args_int=\count172
\l__xparse_v_nesting_int=\count173
)
Package: fontspec 2018/07/30 vv2.6h Font selection for XeLaTeX and LuaLaTeX

(/usr/local/texlive/2018/texmf-dist/tex/latex/fontspec/fontspec-xetex.sty
Package: fontspec-xetex 2018/07/30 vv2.6h Font selection for XeLaTeX and LuaLaT
eX
\l__fontspec_script_int=\count174
\l__fontspec_language_int=\count175
\l__fontspec_strnum_int=\count176
\l__fontspec_tmp_int=\count177
\l__fontspec_em_int=\count178
\l__fontspec_emdef_int=\count179
\l__fontspec_strong_int=\count180
\l__fontspec_strongdef_int=\count181
\l__fontspec_tmpa_dim=\dimen135
\l__fontspec_tmpb_dim=\dimen136
\l__fontspec_tmpc_dim=\dimen137

(/usr/local/texlive/2018/texmf-dist/tex/latex/base/fontenc.sty
Package: fontenc 2017/04/05 v2.0i Standard LaTeX package

(/usr/local/texlive/2018/texmf-dist/tex/latex/base/tuenc.def
File: tuenc.def 2017/04/05 v2.0i Standard LaTeX file
LaTeX Font Info:    Redeclaring font encoding TU on input line 82.
))
.................................................
. LaTeX info: "xparse/define-command"
. 
. Defining command \fontspec with sig. 'O{}mO{}' on line 561.
.................................................
.................................................
. LaTeX info: "xparse/define-command"
. 
. Defining command \setmainfont with sig. 'O{}mO{}' on line 566.
.................................................
.................................................
. LaTeX info: "xparse/define-command"
. 
. Defining command \setsansfont with sig. 'O{}mO{}' on line 571.
.................................................
.................................................
. LaTeX info: "xparse/define-command"
. 
. Defining command \setmonofont with sig. 'O{}mO{}' on line 576.
.................................................
.................................................
. LaTeX info: "xparse/define-command"
. 
. Defining command \setmathrm with sig. 'O{}mO{}' on line 580.
.................................................
.................................................
. LaTeX info: "xparse/define-command"
. 
. Defining command \setboldmathrm with sig. 'O{}mO{}' on line 584.
.................................................
.................................................
. LaTeX info: "xparse/define-command"
. 
. Defining command \setmathsf with sig. 'O{}mO{}' on line 588.
.................................................
.................................................
. LaTeX info: "xparse/define-command"
. 
. Defining command \setmathtt with sig. 'O{}mO{}' on line 592.
.................................................
.................................................
. LaTeX info: "xparse/define-command"
. 
. Defining command \setromanfont with sig. 'O{}mO{}' on line 596.
.................................................
.................................................
. LaTeX info: "xparse/define-command"
. 
. Defining command \newfontfamily with sig. 'mO{}mO{}' on line 600.
.................................................
.................................................
. LaTeX info: "xparse/define-command"
. 
. Defining command \renewfontfamily with sig. 'mO{}mO{}' on line 604.
.................................................
.................................................
. LaTeX info: "xparse/define-command"
. 
. Defining command \setfontfamily with sig. 'mO{}mO{}' on line 608.
.................................................
.................................................
. LaTeX info: "xparse/define-command"
. 
. Defining command \newfontface with sig. 'mO{}mO{}' on line 612.
.................................................
.................................................
. LaTeX info: "xparse/define-command"
. 
. Defining command \defaultfontfeatures with sig. 't+om' on line 619.
.................................................
.................................................
. LaTeX info: "xparse/define-command"
. 
. Defining command \addfontfeatures with sig. 'm' on line 623.
.................................................
.................................................
. LaTeX info: "xparse/define-command"
. 
. Defining command \addfontfeature with sig. 'm' on line 627.
.................................................
.................................................
. LaTeX info: "xparse/define-command"
. 
. Defining command \newfontfeature with sig. 'mm' on line 631.
.................................................
.................................................
. LaTeX info: "xparse/define-command"
. 
. Defining command \newAATfeature with sig. 'mmmm' on line 635.
.................................................
.................................................
. LaTeX info: "xparse/define-command"
. 
. Defining command \newopentypefeature with sig. 'mmm' on line 639.
.................................................
.................................................
. LaTeX info: "xparse/define-command"
. 
. Defining command \newICUfeature with sig. 'mmm' on line 643.
.................................................
.................................................
. LaTeX info: "xparse/define-command"
. 
. Defining command \aliasfontfeature with sig. 'mm' on line 647.
.................................................
.................................................
. LaTeX info: "xparse/define-command"
. 
. Defining command \aliasfontfeatureoption with sig. 'mmm' on line 651.
.................................................
.................................................
. LaTeX info: "xparse/define-command"
. 
. Defining command \newfontscript with sig. 'mm' on line 655.
.................................................
.................................................
. LaTeX info: "xparse/define-command"
. 
. Defining command \newfontlanguage with sig. 'mm' on line 659.
.................................................
.................................................
. LaTeX info: "xparse/define-command"
. 
. Defining command \DeclareFontExtensions with sig. 'm' on line 663.
.................................................
.................................................
. LaTeX info: "xparse/define-command"
. 
. Defining command \IfFontFeatureActiveTF with sig. 'mmm' on line 667.
.................................................
.................................................
. LaTeX info: "xparse/define-command"
. 
. Defining command \EncodingCommand with sig. 'mO{}m' on line 3655.
.................................................
.................................................
. LaTeX info: "xparse/define-command"
. 
. Defining command \EncodingAccent with sig. 'mm' on line 3661.
.................................................
.................................................
. LaTeX info: "xparse/define-command"
. 
. Defining command \EncodingSymbol with sig. 'mm' on line 3667.
.................................................
.................................................
. LaTeX info: "xparse/define-command"
. 
. Defining command \EncodingComposite with sig. 'mmm' on line 3673.
.................................................
.................................................
. LaTeX info: "xparse/define-command"
. 
. Defining command \EncodingCompositeCommand with sig. 'mmm' on line 3679.
.................................................
.................................................
. LaTeX info: "xparse/define-command"
. 
. Defining command \DeclareUnicodeEncoding with sig. 'mm' on line 3704.
.................................................
.................................................
. LaTeX info: "xparse/define-command"
. 
. Defining command \UndeclareSymbol with sig. 'm' on line 3710.
.................................................
.................................................
. LaTeX info: "xparse/define-command"
. 
. Defining command \UndeclareAccent with sig. 'm' on line 3716.
.................................................
.................................................
. LaTeX info: "xparse/define-command"
. 
. Defining command \UndeclareCommand with sig. 'm' on line 3722.
.................................................
.................................................
. LaTeX info: "xparse/define-command"
. 
. Defining command \UndeclareComposite with sig. 'mm' on line 3729.
.................................................

(/usr/local/texlive/2018/texmf-dist/tex/latex/fontspec/fontspec.cfg)
LaTeX Info: Redefining \itshape on input line 3910.
LaTeX Info: Redefining \slshape on input line 3915.
LaTeX Info: Redefining \scshape on input line 3920.
LaTeX Info: Redefining \upshape on input line 3925.
LaTeX Info: Redefining \em on input line 3955.
LaTeX Info: Redefining \emph on input line 3980.
LaTeX Info: Redefining \- on input line 4034.
.................................................
. LaTeX info: "xparse/redefine-command"
. 
. Redefining command \oldstylenums with sig. 'm' on line 4129.
.................................................
.................................................
. LaTeX info: "xparse/define-command"
. 
. Defining command \liningnums with sig. 'm' on line 4133.
.................................................
))
(/usr/local/texlive/2018/texmf-dist/tex/latex/csquotes/csquotes.sty
Package: csquotes 2018/04/13 v5.2d context-sensitive quotations (JAW)

(/usr/local/texlive/2018/texmf-dist/tex/latex/etoolbox/etoolbox.sty
Package: etoolbox 2018/02/11 v2.5e e-TeX tools for LaTeX (JAW)
\etb@tempcnta=\count182
)
\csq@reset=\count183
\csq@gtype=\count184
\csq@glevel=\count185
\csq@qlevel=\count186
\csq@maxlvl=\count187
\csq@tshold=\count188
\csq@ltx@everypar=\toks15

(/usr/local/texlive/2018/texmf-dist/tex/latex/csquotes/csquotes.def
File: csquotes.def 2018/04/13 v5.2d csquotes generic definitions (JAW)
)
Package csquotes Info: Trying to load configuration file 'csquotes.cfg'...
Package csquotes Info: ... configuration file loaded successfully.

(/usr/local/texlive/2018/texmf-dist/tex/latex/csquotes/csquotes.cfg
File: csquotes.cfg 
)
Package csquotes Info: Enabling multilingual quotes.
)
(/usr/local/texlive/2018/texmf-dist/tex/latex/hyperref/hyperref.sty
Package: hyperref 2018/02/06 v6.86b Hypertext links for LaTeX

(/usr/local/texlive/2018/texmf-dist/tex/generic/oberdiek/hobsub-hyperref.sty
Package: hobsub-hyperref 2016/05/16 v1.14 Bundle oberdiek, subset hyperref (HO)


(/usr/local/texlive/2018/texmf-dist/tex/generic/oberdiek/hobsub-generic.sty
Package: hobsub-generic 2016/05/16 v1.14 Bundle oberdiek, subset generic (HO)
Package: hobsub 2016/05/16 v1.14 Construct package bundles (HO)
Package: infwarerr 2016/05/16 v1.4 Providing info/warning/error messages (HO)
Package: ltxcmds 2016/05/16 v1.23 LaTeX kernel commands for general use (HO)
Package: ifluatex 2016/05/16 v1.4 Provides the ifluatex switch (HO)
Package ifluatex Info: LuaTeX not detected.
Package: ifvtex 2016/05/16 v1.6 Detect VTeX and its facilities (HO)
Package ifvtex Info: VTeX not detected.
Package: intcalc 2016/05/16 v1.2 Expandable calculations with integers (HO)
Package: ifpdf 2017/03/15 v3.2 Provides the ifpdf switch
Package: etexcmds 2016/05/16 v1.6 Avoid name clashes with e-TeX commands (HO)
Package etexcmds Info: Could not find \expanded.
(etexcmds)             That can mean that you are not using pdfTeX 1.50 or
(etexcmds)             that some package has redefined \expanded.
(etexcmds)             In the latter case, load this package earlier.
Package: kvsetkeys 2016/05/16 v1.17 Key value parser (HO)
Package: kvdefinekeys 2016/05/16 v1.4 Define keys (HO)
Package: pdftexcmds 2018/01/30 v0.27 Utility functions of pdfTeX for LuaTeX (HO
)
Package pdftexcmds Info: LuaTeX not detected.
Package pdftexcmds Info: pdfTeX >= 1.30 not detected.
Package pdftexcmds Info: \pdf@primitive is available.
Package pdftexcmds Info: \pdf@ifprimitive is available.
Package pdftexcmds Info: \pdfdraftmode not found.
Package: pdfescape 2016/05/16 v1.14 Implements pdfTeX's escape features (HO)
Package: bigintcalc 2016/05/16 v1.4 Expandable calculations on big integers (HO
)
Package: bitset 2016/05/16 v1.2 Handle bit-vector datatype (HO)
Package: uniquecounter 2016/05/16 v1.3 Provide unlimited unique counter (HO)
)
Package hobsub Info: Skipping package `hobsub' (already loaded).
Package: letltxmacro 2016/05/16 v1.5 Let assignment for LaTeX macros (HO)
Package: hopatch 2016/05/16 v1.3 Wrapper for package hooks (HO)
Package: xcolor-patch 2016/05/16 xcolor patch
Package: atveryend 2016/05/16 v1.9 Hooks at the very end of document (HO)
Package: atbegshi 2016/06/09 v1.18 At begin shipout hook (HO)
Package: refcount 2016/05/16 v3.5 Data extraction from label references (HO)
Package: hycolor 2016/05/16 v1.8 Color options for hyperref/bookmark (HO)
)
(/usr/local/texlive/2018/texmf-dist/tex/generic/ifxetex/ifxetex.sty
Package: ifxetex 2010/09/12 v0.6 Provides ifxetex conditional
)
(/usr/local/texlive/2018/texmf-dist/tex/latex/oberdiek/auxhook.sty
Package: auxhook 2016/05/16 v1.4 Hooks for auxiliary files (HO)
)
(/usr/local/texlive/2018/texmf-dist/tex/latex/oberdiek/kvoptions.sty
Package: kvoptions 2016/05/16 v3.12 Key value format for package options (HO)
)
\@linkdim=\dimen138
\Hy@linkcounter=\count189
\Hy@pagecounter=\count190

(/usr/local/texlive/2018/texmf-dist/tex/latex/hyperref/pd1enc.def
File: pd1enc.def 2018/02/06 v6.86b Hyperref: PDFDocEncoding definition (HO)
)
\Hy@SavedSpaceFactor=\count191

(/usr/local/texlive/2018/texmf-dist/tex/latex/latexconfig/hyperref.cfg
File: hyperref.cfg 2002/06/06 v1.2 hyperref configuration of TeXLive
)
Package hyperref Info: Hyper figures OFF on input line 4509.
Package hyperref Info: Link nesting OFF on input line 4514.
Package hyperref Info: Hyper index ON on input line 4517.
Package hyperref Info: Plain pages OFF on input line 4524.
Package hyperref Info: Backreferencing OFF on input line 4529.
Package hyperref Info: Implicit mode ON; LaTeX internals redefined.
Package hyperref Info: Bookmarks ON on input line 4762.
\c@Hy@tempcnt=\count192

(/usr/local/texlive/2018/texmf-dist/tex/latex/url/url.sty
\Urlmuskip=\muskip16
Package: url 2013/09/16  ver 3.4  Verb mode for urls, etc.
)
LaTeX Info: Redefining \url on input line 5115.
\XeTeXLinkMargin=\dimen139
\Fld@menulength=\count193
\Field@Width=\dimen140
\Fld@charsize=\dimen141
Package hyperref Info: Hyper figures OFF on input line 6369.
Package hyperref Info: Link nesting OFF on input line 6374.
Package hyperref Info: Hyper index ON on input line 6377.
Package hyperref Info: backreferencing OFF on input line 6384.
Package hyperref Info: Link coloring OFF on input line 6389.
Package hyperref Info: Link coloring with OCG OFF on input line 6394.
Package hyperref Info: PDF/A mode OFF on input line 6399.
LaTeX Info: Redefining \ref on input line 6439.
LaTeX Info: Redefining \pageref on input line 6443.
\Hy@abspage=\count194
\c@Item=\count195
\c@Hfootnote=\count196
)
Package hyperref Info: Driver (autodetected): hxetex.

(/usr/local/texlive/2018/texmf-dist/tex/latex/hyperref/hxetex.def
File: hxetex.def 2018/02/06 v6.86b Hyperref driver for XeTeX

(/usr/local/texlive/2018/texmf-dist/tex/latex/hyperref/puenc.def
File: puenc.def 2018/02/06 v6.86b Hyperref: PDF Unicode definition (HO)
)
(/usr/local/texlive/2018/texmf-dist/tex/generic/oberdiek/stringenc.sty
Package: stringenc 2016/05/16 v1.11 Convert strings between diff. encodings (HO
)
)
\pdfm@box=\box43
\c@Hy@AnnotLevel=\count197
\HyField@AnnotCount=\count198
\Fld@listcount=\count199
\c@bookmark@seq@number=\count266

(/usr/local/texlive/2018/texmf-dist/tex/latex/oberdiek/rerunfilecheck.sty
Package: rerunfilecheck 2016/05/16 v1.8 Rerun checks for auxiliary files (HO)
Package uniquecounter Info: New unique counter `rerunfilecheck' on input line 2
82.
)
\Hy@SectionHShift=\skip63
)
(/usr/local/texlive/2018/texmf-dist/tex/latex/microtype/microtype.sty
Package: microtype 2018/01/14 v2.7a Micro-typographical refinements (RS)
\MT@toks=\toks16
\MT@count=\count267
LaTeX Info: Redefining \textls on input line 793.
\MT@outer@kern=\dimen142
LaTeX Info: Redefining \textmicrotypecontext on input line 1339.
\MT@listname@count=\count268

(/usr/local/texlive/2018/texmf-dist/tex/latex/microtype/microtype-xetex.def
File: microtype-xetex.def 2018/01/14 v2.7a Definitions specific to xetex (RS)
LaTeX Info: Redefining \lsstyle on input line 256.
)
Package microtype Info: Loading configuration file microtype.cfg.

(/usr/local/texlive/2018/texmf-dist/tex/latex/microtype/microtype.cfg
File: microtype.cfg 2018/01/14 v2.7a microtype main configuration file (RS)
))
(/usr/local/texlive/2018/texmf-dist/tex/latex/libertine/libertine.sty
Package: libertine 2018/01/03 (Bob Tennent) Supports Libertine and Biolinum fon
ts for all LaTeX engines.

(/usr/local/texlive/2018/texmf-dist/tex/latex/xkeyval/xkeyval.sty
Package: xkeyval 2014/12/03 v2.7a package option processing (HA)

(/usr/local/texlive/2018/texmf-dist/tex/generic/xkeyval/xkeyval.tex
(/usr/local/texlive/2018/texmf-dist/tex/generic/xkeyval/xkvutils.tex
\XKV@toks=\toks17
\XKV@tempa@toks=\toks18
)
\XKV@depth=\count269
File: xkeyval.tex 2014/12/03 v2.7a key=value parser (HA)
))
(/usr/local/texlive/2018/texmf-dist/tex/latex/base/textcomp.sty
Package: textcomp 2017/04/05 v2.0i Standard LaTeX package
Package textcomp Info: Sub-encoding information:
(textcomp)               5 = only ISO-Adobe without \textcurrency
(textcomp)               4 = 5 + \texteuro
(textcomp)               3 = 4 + \textohm
(textcomp)               2 = 3 + \textestimated + \textcurrency
(textcomp)               1 = TS1 - \textcircled - \t
(textcomp)               0 = TS1 (full)
(textcomp)             Font families with sub-encoding setting implement
(textcomp)             only a restricted character set as indicated.
(textcomp)             Family '?' is the default used for unknown fonts.
(textcomp)             See the documentation for details.
Package textcomp Info: Setting ? sub-encoding to TS1/1 on input line 79.

(/usr/local/texlive/2018/texmf-dist/tex/latex/base/ts1enc.def
File: ts1enc.def 2001/06/05 v3.0e (jk/car/fm) Standard LaTeX file
)
LaTeX Info: Redefining \oldstylenums on input line 334.
Package textcomp Info: Setting cmr sub-encoding to TS1/0 on input line 349.
Package textcomp Info: Setting cmss sub-encoding to TS1/0 on input line 350.
Package textcomp Info: Setting cmtt sub-encoding to TS1/0 on input line 351.
Package textcomp Info: Setting cmvtt sub-encoding to TS1/0 on input line 352.
Package textcomp Info: Setting cmbr sub-encoding to TS1/0 on input line 353.
Package textcomp Info: Setting cmtl sub-encoding to TS1/0 on input line 354.
Package textcomp Info: Setting ccr sub-encoding to TS1/0 on input line 355.
Package textcomp Info: Setting ptm sub-encoding to TS1/4 on input line 356.
Package textcomp Info: Setting pcr sub-encoding to TS1/4 on input line 357.
Package textcomp Info: Setting phv sub-encoding to TS1/4 on input line 358.
Package textcomp Info: Setting ppl sub-encoding to TS1/3 on input line 359.
Package textcomp Info: Setting pag sub-encoding to TS1/4 on input line 360.
Package textcomp Info: Setting pbk sub-encoding to TS1/4 on input line 361.
Package textcomp Info: Setting pnc sub-encoding to TS1/4 on input line 362.
Package textcomp Info: Setting pzc sub-encoding to TS1/4 on input line 363.
Package textcomp Info: Setting bch sub-encoding to TS1/4 on input line 364.
Package textcomp Info: Setting put sub-encoding to TS1/5 on input line 365.
Package textcomp Info: Setting uag sub-encoding to TS1/5 on input line 366.
Package textcomp Info: Setting ugq sub-encoding to TS1/5 on input line 367.
Package textcomp Info: Setting ul8 sub-encoding to TS1/4 on input line 368.
Package textcomp Info: Setting ul9 sub-encoding to TS1/4 on input line 369.
Package textcomp Info: Setting augie sub-encoding to TS1/5 on input line 370.
Package textcomp Info: Setting dayrom sub-encoding to TS1/3 on input line 371.
Package textcomp Info: Setting dayroms sub-encoding to TS1/3 on input line 372.

Package textcomp Info: Setting pxr sub-encoding to TS1/0 on input line 373.
Package textcomp Info: Setting pxss sub-encoding to TS1/0 on input line 374.
Package textcomp Info: Setting pxtt sub-encoding to TS1/0 on input line 375.
Package textcomp Info: Setting txr sub-encoding to TS1/0 on input line 376.
Package textcomp Info: Setting txss sub-encoding to TS1/0 on input line 377.
Package textcomp Info: Setting txtt sub-encoding to TS1/0 on input line 378.
Package textcomp Info: Setting lmr sub-encoding to TS1/0 on input line 379.
Package textcomp Info: Setting lmdh sub-encoding to TS1/0 on input line 380.
Package textcomp Info: Setting lmss sub-encoding to TS1/0 on input line 381.
Package textcomp Info: Setting lmssq sub-encoding to TS1/0 on input line 382.
Package textcomp Info: Setting lmvtt sub-encoding to TS1/0 on input line 383.
Package textcomp Info: Setting lmtt sub-encoding to TS1/0 on input line 384.
Package textcomp Info: Setting qhv sub-encoding to TS1/0 on input line 385.
Package textcomp Info: Setting qag sub-encoding to TS1/0 on input line 386.
Package textcomp Info: Setting qbk sub-encoding to TS1/0 on input line 387.
Package textcomp Info: Setting qcr sub-encoding to TS1/0 on input line 388.
Package textcomp Info: Setting qcs sub-encoding to TS1/0 on input line 389.
Package textcomp Info: Setting qpl sub-encoding to TS1/0 on input line 390.
Package textcomp Info: Setting qtm sub-encoding to TS1/0 on input line 391.
Package textcomp Info: Setting qzc sub-encoding to TS1/0 on input line 392.
Package textcomp Info: Setting qhvc sub-encoding to TS1/0 on input line 393.
Package textcomp Info: Setting futs sub-encoding to TS1/4 on input line 394.
Package textcomp Info: Setting futx sub-encoding to TS1/4 on input line 395.
Package textcomp Info: Setting futj sub-encoding to TS1/4 on input line 396.
Package textcomp Info: Setting hlh sub-encoding to TS1/3 on input line 397.
Package textcomp Info: Setting hls sub-encoding to TS1/3 on input line 398.
Package textcomp Info: Setting hlst sub-encoding to TS1/3 on input line 399.
Package textcomp Info: Setting hlct sub-encoding to TS1/5 on input line 400.
Package textcomp Info: Setting hlx sub-encoding to TS1/5 on input line 401.
Package textcomp Info: Setting hlce sub-encoding to TS1/5 on input line 402.
Package textcomp Info: Setting hlcn sub-encoding to TS1/5 on input line 403.
Package textcomp Info: Setting hlcw sub-encoding to TS1/5 on input line 404.
Package textcomp Info: Setting hlcf sub-encoding to TS1/5 on input line 405.
Package textcomp Info: Setting pplx sub-encoding to TS1/3 on input line 406.
Package textcomp Info: Setting pplj sub-encoding to TS1/3 on input line 407.
Package textcomp Info: Setting ptmx sub-encoding to TS1/4 on input line 408.
Package textcomp Info: Setting ptmj sub-encoding to TS1/4 on input line 409.
)
Requested font "[LinLibertine_R.otf]/OT" at 10.95pt
 -> /usr/local/texlive/2018/texmf-dist/fonts/opentype/public/libertine/LinLiber
tine_R.otf
Requested font "[LinLibertine_RB.otf]/OT" at 10.95pt
 -> /usr/local/texlive/2018/texmf-dist/fonts/opentype/public/libertine/LinLiber
tine_RB.otf
Requested font "[LinLibertine_RI.otf]/OT" at 10.95pt
 -> /usr/local/texlive/2018/texmf-dist/fonts/opentype/public/libertine/LinLiber
tine_RI.otf
Requested font "[LinLibertine_RBI.otf]/OT" at 10.95pt
 -> /usr/local/texlive/2018/texmf-dist/fonts/opentype/public/libertine/LinLiber
tine_RBI.otf
.................................................
. fontspec info: "defining-font"
. 
. Font family 'LinLibertine(0)' created for font 'LinLibertine' with options
. [Ligatures = TeX,Extension =
. .otf,SmallCapsFeatures={Letters=SmallCaps},Ligatures=TeX,Numbers =
. {Monospaced,Lining},Scale = 1,UprightFont = *_R,ItalicFont = *_RI,BoldFont =
. *_RB,BoldItalicFont = *_RBI].
.  
.  This font family consists of the following NFSS series/shapes:
.  
. - 'normal' (m/n) with NFSS spec.:
. <->s*[1]"[LinLibertine_R.otf]/OT:script=latn;language=DFLT;+tnum;+lnum;mappin
g=tex-text;"
. - 'small caps'  (m/sc) with NFSS spec.:
. <->s*[1]"[LinLibertine_R.otf]/OT:script=latn;language=DFLT;+tnum;+lnum;+smcp;
mapping=tex-text;"
. - 'bold' (bx/n) with NFSS spec.:
. <->s*[1]"[LinLibertine_RB.otf]/OT:script=latn;language=DFLT;+tnum;+lnum;mappi
ng=tex-text;"
. - 'bold small caps'  (bx/sc) with NFSS spec.:
. <->s*[1]"[LinLibertine_RB.otf]/OT:script=latn;language=DFLT;+tnum;+lnum;+smcp
;mapping=tex-text;"
. - 'italic' (m/it) with NFSS spec.:
. <->s*[1]"[LinLibertine_RI.otf]/OT:script=latn;language=DFLT;+tnum;+lnum;mappi
ng=tex-text;"
. - 'italic small caps'  (m/itsc) with NFSS spec.:
. <->s*[1]"[LinLibertine_RI.otf]/OT:script=latn;language=DFLT;+tnum;+lnum;+smcp
;mapping=tex-text;"
. - 'bold italic' (bx/it) with NFSS spec.:
. <->s*[1]"[LinLibertine_RBI.otf]/OT:script=latn;language=DFLT;+tnum;+lnum;mapp
ing=tex-text;"
. - 'bold italic small caps'  (bx/itsc) with NFSS spec.:
. <->s*[1]"[LinLibertine_RBI.otf]/OT:script=latn;language=DFLT;+tnum;+lnum;+smc
p;mapping=tex-text;"
.................................................
LaTeX Info: Redefining \rmfamily on input line 304.
LaTeX Font Info:    Font shape `TU/LinLibertine(0)/m/n' will be
(Font)              scaled to size 10.95pt on input line 304.
Requested font "[LinLibertine_R.otf]/OT:script=latn;language=DFLT;+tnum;+lnum;m
apping=tex-text;" at 10.95pt
 -> /usr/local/texlive/2018/texmf-dist/fonts/opentype/public/libertine/LinLiber
tine_R.otf
Requested font "[LinBiolinum_R.otf]/OT" at 10.95pt
 -> /usr/local/texlive/2018/texmf-dist/fonts/opentype/public/libertine/LinBioli
num_R.otf
Requested font "[LinBiolinum_RB.otf]/OT" at 10.95pt
 -> /usr/local/texlive/2018/texmf-dist/fonts/opentype/public/libertine/LinBioli
num_RB.otf
Requested font "[LinBiolinum_RI.otf]/OT" at 10.95pt
 -> /usr/local/texlive/2018/texmf-dist/fonts/opentype/public/libertine/LinBioli
num_RI.otf
Requested font "[LinBiolinum_RBO.otf]/OT" at 10.95pt
 -> /usr/local/texlive/2018/texmf-dist/fonts/opentype/public/libertine/LinBioli
num_RBO.otf
.................................................
. fontspec info: "defining-font"
. 
. Font family 'LinBiolinum(0)' created for font 'LinBiolinum' with options
. [Ligatures = TeX,Extension =
. .otf,SmallCapsFeatures={Letters=SmallCaps},Ligatures=TeX,Numbers =
. {Monospaced, },Scale = 1,UprightFont = *_R,ItalicFont = *_RI,BoldFont =
. *_RB,BoldItalicFont = *_RBO].
.  
.  This font family consists of the following NFSS series/shapes:
.  
. - 'normal' (m/n) with NFSS spec.:
. <->s*[1]"[LinBiolinum_R.otf]/OT:script=latn;language=DFLT;+tnum;mapping=tex-t
ext;"
. - 'small caps'  (m/sc) with NFSS spec.:
. <->s*[1]"[LinBiolinum_R.otf]/OT:script=latn;language=DFLT;+tnum;+smcp;mapping
=tex-text;"
. - 'bold' (bx/n) with NFSS spec.:
. <->s*[1]"[LinBiolinum_RB.otf]/OT:script=latn;language=DFLT;+tnum;mapping=tex-
text;"
. - 'bold small caps'  (bx/sc) with NFSS spec.:
. <->s*[1]"[LinBiolinum_RB.otf]/OT:script=latn;language=DFLT;+tnum;+smcp;mappin
g=tex-text;"
. - 'italic' (m/it) with NFSS spec.:
. <->s*[1]"[LinBiolinum_RI.otf]/OT:script=latn;language=DFLT;+tnum;mapping=tex-
text;"
. - 'italic small caps'  (m/itsc) with NFSS spec.:
. <->s*[1]"[LinBiolinum_RI.otf]/OT:script=latn;language=DFLT;+tnum;+smcp;mappin
g=tex-text;"
. - 'bold italic' (bx/it) with NFSS spec.:
. <->s*[1]"[LinBiolinum_RBO.otf]/OT:script=latn;language=DFLT;+tnum;mapping=tex
-text;"
. - 'bold italic small caps'  (bx/itsc) with NFSS spec.:
. <->s*[1]"[LinBiolinum_RBO.otf]/OT:script=latn;language=DFLT;+tnum;+smcp;mappi
ng=tex-text;"
.................................................
LaTeX Info: Redefining \sffamily on input line 315.
.................................................
. fontspec info: "defining-font"
. 
. Font family 'LinLibertine(1)' created for font 'LinLibertine' with options
. [Ligatures = TeX,Extension =
. .otf,SmallCapsFeatures={Letters=SmallCaps},Numbers =
. {Monospaced,Lining},Scale = 1,UprightFont = *_R,ItalicFont = *_RI,BoldFont =
. *_RB,BoldItalicFont = *_RBI].
.  
.  This font family consists of the following NFSS series/shapes:
.  
. - 'normal' (m/n) with NFSS spec.:
. <->s*[1]"[LinLibertine_R.otf]/OT:script=latn;language=DFLT;+tnum;+lnum;mappin
g=tex-text;"
. - 'small caps'  (m/sc) with NFSS spec.:
. <->s*[1]"[LinLibertine_R.otf]/OT:script=latn;language=DFLT;+tnum;+lnum;+smcp;
mapping=tex-text;"
. - 'bold' (bx/n) with NFSS spec.:
. <->s*[1]"[LinLibertine_RB.otf]/OT:script=latn;language=DFLT;+tnum;+lnum;mappi
ng=tex-text;"
. - 'bold small caps'  (bx/sc) with NFSS spec.:
. <->s*[1]"[LinLibertine_RB.otf]/OT:script=latn;language=DFLT;+tnum;+lnum;+smcp
;mapping=tex-text;"
. - 'italic' (m/it) with NFSS spec.:
. <->s*[1]"[LinLibertine_RI.otf]/OT:script=latn;language=DFLT;+tnum;+lnum;mappi
ng=tex-text;"
. - 'italic small caps'  (m/itsc) with NFSS spec.:
. <->s*[1]"[LinLibertine_RI.otf]/OT:script=latn;language=DFLT;+tnum;+lnum;+smcp
;mapping=tex-text;"
. - 'bold italic' (bx/it) with NFSS spec.:
. <->s*[1]"[LinLibertine_RBI.otf]/OT:script=latn;language=DFLT;+tnum;+lnum;mapp
ing=tex-text;"
. - 'bold italic small caps'  (bx/itsc) with NFSS spec.:
. <->s*[1]"[LinLibertine_RBI.otf]/OT:script=latn;language=DFLT;+tnum;+lnum;+smc
p;mapping=tex-text;"
.................................................
.................................................
. LaTeX info: "xparse/define-command"
. 
. Defining command \libertine with sig. '' on line 326.
.................................................
Requested font "[LinLibertine_RZ.otf]/OT" at 10.95pt
 -> /usr/local/texlive/2018/texmf-dist/fonts/opentype/public/libertine/LinLiber
tine_RZ.otf
Requested font "[LinLibertine_RZI.otf]/OT" at 10.95pt
 -> /usr/local/texlive/2018/texmf-dist/fonts/opentype/public/libertine/LinLiber
tine_RZI.otf
.................................................
. fontspec info: "defining-font"
. 
. Font family 'LinLibertine(2)' created for font 'LinLibertine' with options
. [Ligatures = TeX,Extension =
. .otf,SmallCapsFeatures={Letters=SmallCaps},Numbers = { Lining},Scale =
. 1,UprightFont = *_RZ,ItalicFont = *_RZI,BoldFont = *_RB,BoldItalicFont =
. *_RBI].
.  
.  This font family consists of the following NFSS series/shapes:
.  
. - 'normal' (m/n) with NFSS spec.:
. <->s*[1]"[LinLibertine_RZ.otf]/OT:script=latn;language=DFLT;+lnum;mapping=tex
-text;"
. - 'small caps'  (m/sc) with NFSS spec.:
. <->s*[1]"[LinLibertine_RZ.otf]/OT:script=latn;language=DFLT;+lnum;+smcp;mappi
ng=tex-text;"
. - 'bold' (bx/n) with NFSS spec.:
. <->s*[1]"[LinLibertine_RB.otf]/OT:script=latn;language=DFLT;+lnum;mapping=tex
-text;"
. - 'bold small caps'  (bx/sc) with NFSS spec.:
. <->s*[1]"[LinLibertine_RB.otf]/OT:script=latn;language=DFLT;+lnum;+smcp;mappi
ng=tex-text;"
. - 'italic' (m/it) with NFSS spec.:
. <->s*[1]"[LinLibertine_RZI.otf]/OT:script=latn;language=DFLT;+lnum;mapping=te
x-text;"
. - 'italic small caps'  (m/itsc) with NFSS spec.:
. <->s*[1]"[LinLibertine_RZI.otf]/OT:script=latn;language=DFLT;+lnum;+smcp;mapp
ing=tex-text;"
. - 'bold italic' (bx/it) with NFSS spec.:
. <->s*[1]"[LinLibertine_RBI.otf]/OT:script=latn;language=DFLT;+lnum;mapping=te
x-text;"
. - 'bold italic small caps'  (bx/itsc) with NFSS spec.:
. <->s*[1]"[LinLibertine_RBI.otf]/OT:script=latn;language=DFLT;+lnum;+smcp;mapp
ing=tex-text;"
.................................................
.................................................
. LaTeX info: "xparse/define-command"
. 
. Defining command \libertineSB with sig. '' on line 335.
.................................................
.................................................
. fontspec info: "defining-font"
. 
. Font family 'LinLibertine(3)' created for font 'LinLibertine' with options
. [Ligatures = TeX,Extension =
. .otf,SmallCapsFeatures={Letters=SmallCaps},Numbers =
. {Monospaced,OldStyle},Scale = 1,UprightFont = *_R,ItalicFont = *_RI,BoldFont
. = *_RB,BoldItalicFont = *_RBI].
.  
.  This font family consists of the following NFSS series/shapes:
.  
. - 'normal' (m/n) with NFSS spec.:
. <->s*[1]"[LinLibertine_R.otf]/OT:script=latn;language=DFLT;+tnum;+onum;mappin
g=tex-text;"
. - 'small caps'  (m/sc) with NFSS spec.:
. <->s*[1]"[LinLibertine_R.otf]/OT:script=latn;language=DFLT;+tnum;+onum;+smcp;
mapping=tex-text;"
. - 'bold' (bx/n) with NFSS spec.:
. <->s*[1]"[LinLibertine_RB.otf]/OT:script=latn;language=DFLT;+tnum;+onum;mappi
ng=tex-text;"
. - 'bold small caps'  (bx/sc) with NFSS spec.:
. <->s*[1]"[LinLibertine_RB.otf]/OT:script=latn;language=DFLT;+tnum;+onum;+smcp
;mapping=tex-text;"
. - 'italic' (m/it) with NFSS spec.:
. <->s*[1]"[LinLibertine_RI.otf]/OT:script=latn;language=DFLT;+tnum;+onum;mappi
ng=tex-text;"
. - 'italic small caps'  (m/itsc) with NFSS spec.:
. <->s*[1]"[LinLibertine_RI.otf]/OT:script=latn;language=DFLT;+tnum;+onum;+smcp
;mapping=tex-text;"
. - 'bold italic' (bx/it) with NFSS spec.:
. <->s*[1]"[LinLibertine_RBI.otf]/OT:script=latn;language=DFLT;+tnum;+onum;mapp
ing=tex-text;"
. - 'bold italic small caps'  (bx/itsc) with NFSS spec.:
. <->s*[1]"[LinLibertine_RBI.otf]/OT:script=latn;language=DFLT;+tnum;+onum;+smc
p;mapping=tex-text;"
.................................................
.................................................
. LaTeX info: "xparse/define-command"
. 
. Defining command \libertineOsF with sig. '' on line 343.
.................................................
.................................................
. LaTeX info: "xparse/define-command"
. 
. Defining command \libertineLF with sig. '' on line 351.
.................................................
Requested font "[LinLibertine_DR.otf]/OT" at 10.95pt
 -> /usr/local/texlive/2018/texmf-dist/fonts/opentype/public/libertine/LinLiber
tine_DR.otf
.................................................
. fontspec info: "defining-font"
. 
. Font family 'LinLibertine(4)' created for font 'LinLibertine' with options
. [Ligatures = TeX,Extension =
. .otf,SmallCapsFeatures={Letters=SmallCaps},Numbers =
. {Monospaced,Lining},UprightFont = *_DR,ItalicFont = *_RI,BoldFont =
. *_RB,BoldItalicFont = *_RBI].
.  
.  This font family consists of the following NFSS series/shapes:
.  
. - 'normal' (m/n) with NFSS spec.:
. <->"[LinLibertine_DR.otf]/OT:script=latn;language=DFLT;+tnum;+lnum;mapping=te
x-text;"
. - 'small caps'  (m/sc) with NFSS spec.: 
. - 'bold' (bx/n) with NFSS spec.:
. <->"[LinLibertine_RB.otf]/OT:script=latn;language=DFLT;+tnum;+lnum;mapping=te
x-text;"
. - 'bold small caps'  (bx/sc) with NFSS spec.:
. <->"[LinLibertine_RB.otf]/OT:script=latn;language=DFLT;+tnum;+lnum;+smcp;mapp
ing=tex-text;"
. - 'italic' (m/it) with NFSS spec.:
. <->"[LinLibertine_RI.otf]/OT:script=latn;language=DFLT;+tnum;+lnum;mapping=te
x-text;"
. - 'italic small caps'  (m/itsc) with NFSS spec.:
. <->"[LinLibertine_RI.otf]/OT:script=latn;language=DFLT;+tnum;+lnum;+smcp;mapp
ing=tex-text;"
. - 'bold italic' (bx/it) with NFSS spec.:
. <->"[LinLibertine_RBI.otf]/OT:script=latn;language=DFLT;+tnum;+lnum;mapping=t
ex-text;"
. - 'bold italic small caps'  (bx/itsc) with NFSS spec.:
. <->"[LinLibertine_RBI.otf]/OT:script=latn;language=DFLT;+tnum;+lnum;+smcp;map
ping=tex-text;"
.................................................
.................................................
. LaTeX info: "xparse/define-command"
. 
. Defining command \libertineDisplay with sig. '' on line 358.
.................................................
.................................................
. fontspec info: "defining-font"
. 
. Font family 'LinBiolinum(1)' created for font 'LinBiolinum' with options
. [Ligatures = TeX,Extension =
. .otf,SmallCapsFeatures={Letters=SmallCaps},Numbers = {Monospaced, },Scale =
. 1,UprightFont = *_R,ItalicFont = *_RI,BoldFont = *_RB,BoldItalicFont =
. *_RBO].
.  
.  This font family consists of the following NFSS series/shapes:
.  
. - 'normal' (m/n) with NFSS spec.:
. <->s*[1]"[LinBiolinum_R.otf]/OT:script=latn;language=DFLT;+tnum;mapping=tex-t
ext;"
. - 'small caps'  (m/sc) with NFSS spec.:
. <->s*[1]"[LinBiolinum_R.otf]/OT:script=latn;language=DFLT;+tnum;+smcp;mapping
=tex-text;"
. - 'bold' (bx/n) with NFSS spec.:
. <->s*[1]"[LinBiolinum_RB.otf]/OT:script=latn;language=DFLT;+tnum;mapping=tex-
text;"
. - 'bold small caps'  (bx/sc) with NFSS spec.:
. <->s*[1]"[LinBiolinum_RB.otf]/OT:script=latn;language=DFLT;+tnum;+smcp;mappin
g=tex-text;"
. - 'italic' (m/it) with NFSS spec.:
. <->s*[1]"[LinBiolinum_RI.otf]/OT:script=latn;language=DFLT;+tnum;mapping=tex-
text;"
. - 'italic small caps'  (m/itsc) with NFSS spec.:
. <->s*[1]"[LinBiolinum_RI.otf]/OT:script=latn;language=DFLT;+tnum;+smcp;mappin
g=tex-text;"
. - 'bold italic' (bx/it) with NFSS spec.:
. <->s*[1]"[LinBiolinum_RBO.otf]/OT:script=latn;language=DFLT;+tnum;mapping=tex
-text;"
. - 'bold italic small caps'  (bx/itsc) with NFSS spec.:
. <->s*[1]"[LinBiolinum_RBO.otf]/OT:script=latn;language=DFLT;+tnum;+smcp;mappi
ng=tex-text;"
.................................................
.................................................
. LaTeX info: "xparse/define-command"
. 
. Defining command \biolinum with sig. '' on line 366.
.................................................
.................................................
. fontspec info: "defining-font"
. 
. Font family 'LinBiolinum(2)' created for font 'LinBiolinum' with options
. [Ligatures = TeX,Extension =
. .otf,SmallCapsFeatures={Letters=SmallCaps},Numbers = {Monospaced,
. OldStyle},Scale = 1,UprightFont = *_R,ItalicFont = *_RI,BoldFont =
. *_RB,BoldItalicFont = *_RBO].
.  
.  This font family consists of the following NFSS series/shapes:
.  
. - 'normal' (m/n) with NFSS spec.:
. <->s*[1]"[LinBiolinum_R.otf]/OT:script=latn;language=DFLT;+tnum;+onum;mapping
=tex-text;"
. - 'small caps'  (m/sc) with NFSS spec.:
. <->s*[1]"[LinBiolinum_R.otf]/OT:script=latn;language=DFLT;+tnum;+onum;+smcp;m
apping=tex-text;"
. - 'bold' (bx/n) with NFSS spec.:
. <->s*[1]"[LinBiolinum_RB.otf]/OT:script=latn;language=DFLT;+tnum;+onum;mappin
g=tex-text;"
. - 'bold small caps'  (bx/sc) with NFSS spec.:
. <->s*[1]"[LinBiolinum_RB.otf]/OT:script=latn;language=DFLT;+tnum;+onum;+smcp;
mapping=tex-text;"
. - 'italic' (m/it) with NFSS spec.:
. <->s*[1]"[LinBiolinum_RI.otf]/OT:script=latn;language=DFLT;+tnum;+onum;mappin
g=tex-text;"
. - 'italic small caps'  (m/itsc) with NFSS spec.:
. <->s*[1]"[LinBiolinum_RI.otf]/OT:script=latn;language=DFLT;+tnum;+onum;+smcp;
mapping=tex-text;"
. - 'bold italic' (bx/it) with NFSS spec.:
. <->s*[1]"[LinBiolinum_RBO.otf]/OT:script=latn;language=DFLT;+tnum;+onum;mappi
ng=tex-text;"
. - 'bold italic small caps'  (bx/itsc) with NFSS spec.:
. <->s*[1]"[LinBiolinum_RBO.otf]/OT:script=latn;language=DFLT;+tnum;+onum;+smcp
;mapping=tex-text;"
.................................................
.................................................
. LaTeX info: "xparse/define-command"
. 
. Defining command \biolinumOsF with sig. '' on line 374.
.................................................
.................................................
. fontspec info: "defining-font"
. 
. Font family 'LinBiolinum(3)' created for font 'LinBiolinum' with options
. [Ligatures = TeX,Extension =
. .otf,SmallCapsFeatures={Letters=SmallCaps},Numbers = {Monospaced},Scale =
. 1,UprightFont = *_R,ItalicFont = *_RI,BoldFont = *_RB,BoldItalicFont =
. *_RBO].
.  
.  This font family consists of the following NFSS series/shapes:
.  
. - 'normal' (m/n) with NFSS spec.:
. <->s*[1]"[LinBiolinum_R.otf]/OT:script=latn;language=DFLT;+tnum;mapping=tex-t
ext;"
. - 'small caps'  (m/sc) with NFSS spec.:
. <->s*[1]"[LinBiolinum_R.otf]/OT:script=latn;language=DFLT;+tnum;+smcp;mapping
=tex-text;"
. - 'bold' (bx/n) with NFSS spec.:
. <->s*[1]"[LinBiolinum_RB.otf]/OT:script=latn;language=DFLT;+tnum;mapping=tex-
text;"
. - 'bold small caps'  (bx/sc) with NFSS spec.:
. <->s*[1]"[LinBiolinum_RB.otf]/OT:script=latn;language=DFLT;+tnum;+smcp;mappin
g=tex-text;"
. - 'italic' (m/it) with NFSS spec.:
. <->s*[1]"[LinBiolinum_RI.otf]/OT:script=latn;language=DFLT;+tnum;mapping=tex-
text;"
. - 'italic small caps'  (m/itsc) with NFSS spec.:
. <->s*[1]"[LinBiolinum_RI.otf]/OT:script=latn;language=DFLT;+tnum;+smcp;mappin
g=tex-text;"
. - 'bold italic' (bx/it) with NFSS spec.:
. <->s*[1]"[LinBiolinum_RBO.otf]/OT:script=latn;language=DFLT;+tnum;mapping=tex
-text;"
. - 'bold italic small caps'  (bx/itsc) with NFSS spec.:
. <->s*[1]"[LinBiolinum_RBO.otf]/OT:script=latn;language=DFLT;+tnum;+smcp;mappi
ng=tex-text;"
.................................................
.................................................
. LaTeX info: "xparse/define-command"
. 
. Defining command \biolinumLF with sig. '' on line 382.
.................................................
Requested font "[LinLibertine_M.otf]/OT" at 10.95pt
 -> /usr/local/texlive/2018/texmf-dist/fonts/opentype/public/libertine/LinLiber
tine_M.otf
Requested font "[LinLibertine_MB.otf]/OT" at 10.95pt
 -> /usr/local/texlive/2018/texmf-dist/fonts/opentype/public/libertine/LinLiber
tine_MB.otf
Requested font "[LinLibertine_MO.otf]/OT" at 10.95pt
 -> /usr/local/texlive/2018/texmf-dist/fonts/opentype/public/libertine/LinLiber
tine_MO.otf
Requested font "[LinLibertine_MBO.otf]/OT" at 10.95pt
 -> /usr/local/texlive/2018/texmf-dist/fonts/opentype/public/libertine/LinLiber
tine_MBO.otf
.................................................
. fontspec info: "defining-font"
. 
. Font family 'LinLibertine(5)' created for font 'LinLibertine' with options
. [Extension =
. .otf,WordSpace={1,0,0},HyphenChar=None,PunctuationSpace=WordSpace,Scale =
. 1,UprightFont = *_M,ItalicFont = *_MO,BoldFont = *_MB,BoldItalicFont =
. *_MBO].
.  
.  This font family consists of the following NFSS series/shapes:
.  
. - 'normal' (m/n) with NFSS spec.:
. <->s*[1]"[LinLibertine_M.otf]/OT:script=latn;language=DFLT;"
. - 'small caps'  (m/sc) with NFSS spec.: 
. and font adjustment code:
. \fontdimen 2\font =1\fontdimen 2\font \fontdimen 3\font =0\fontdimen 3\font
. \fontdimen 4\font =0\fontdimen 4\font \fontdimen 7\font =0\fontdimen 2\font
. \tex_hyphenchar:D \font =-1\scan_stop: 
. - 'bold' (bx/n) with NFSS spec.:
. <->s*[1]"[LinLibertine_MB.otf]/OT:script=latn;language=DFLT;"
. - 'bold small caps'  (bx/sc) with NFSS spec.: 
. and font adjustment code:
. \fontdimen 2\font =1\fontdimen 2\font \fontdimen 3\font =0\fontdimen 3\font
. \fontdimen 4\font =0\fontdimen 4\font \fontdimen 7\font =0\fontdimen 2\font
. \tex_hyphenchar:D \font =-1\scan_stop: 
. - 'italic' (m/it) with NFSS spec.:
. <->s*[1]"[LinLibertine_MO.otf]/OT:script=latn;language=DFLT;"
. - 'italic small caps'  (m/itsc) with NFSS spec.: 
. and font adjustment code:
. \fontdimen 2\font =1\fontdimen 2\font \fontdimen 3\font =0\fontdimen 3\font
. \fontdimen 4\font =0\fontdimen 4\font \fontdimen 7\font =0\fontdimen 2\font
. \tex_hyphenchar:D \font =-1\scan_stop: 
. - 'bold italic' (bx/it) with NFSS spec.:
. <->s*[1]"[LinLibertine_MBO.otf]/OT:script=latn;language=DFLT;"
. - 'bold italic small caps'  (bx/itsc) with NFSS spec.: 
. and font adjustment code:
. \fontdimen 2\font =1\fontdimen 2\font \fontdimen 3\font =0\fontdimen 3\font
. \fontdimen 4\font =0\fontdimen 4\font \fontdimen 7\font =0\fontdimen 2\font
. \tex_hyphenchar:D \font =-1\scan_stop: 
.................................................
LaTeX Info: Redefining \ttfamily on input line 423.
.................................................
. fontspec info: "defining-font"
. 
. Font family 'LinLibertine(6)' created for font 'LinLibertine' with options
. [Extension = .otf,Scale = 1,UprightFont = *_M,ItalicFont = *_MO,BoldFont =
. *_MB,BoldItalicFont = *_MBO].
.  
.  This font family consists of the following NFSS series/shapes:
.  
. - 'normal' (m/n) with NFSS spec.:
. <->s*[1]"[LinLibertine_M.otf]/OT:script=latn;language=DFLT;"
. - 'small caps'  (m/sc) with NFSS spec.: 
. - 'bold' (bx/n) with NFSS spec.:
. <->s*[1]"[LinLibertine_MB.otf]/OT:script=latn;language=DFLT;"
. - 'bold small caps'  (bx/sc) with NFSS spec.: 
. - 'italic' (m/it) with NFSS spec.:
. <->s*[1]"[LinLibertine_MO.otf]/OT:script=latn;language=DFLT;"
. - 'italic small caps'  (m/itsc) with NFSS spec.: 
. - 'bold italic' (bx/it) with NFSS spec.:
. <->s*[1]"[LinLibertine_MBO.otf]/OT:script=latn;language=DFLT;"
. - 'bold italic small caps'  (bx/itsc) with NFSS spec.: 
.................................................
.................................................
. LaTeX info: "xparse/define-command"
. 
. Defining command \libmono with sig. '' on line 431.
.................................................
Requested font "[LinBiolinum_K.otf]/OT" at 10.95pt
 -> /usr/local/texlive/2018/texmf-dist/fonts/opentype/public/libertine/LinBioli
num_K.otf
.................................................
. fontspec info: "defining-font"
. 
. Font family 'LinBiolinum_K(0)' created for font 'LinBiolinum_K' with options
. [Extension = .otf,BoldFont={},ItalicFont={},SmallCapsFont={}].
.  
.  This font family consists of the following NFSS series/shapes:
.  
. - 'normal' (m/n) with NFSS spec.:
. <->"[LinBiolinum_K.otf]/OT:script=latn;language=DFLT;"
. - 'small caps'  (m/sc) with NFSS spec.: 
.................................................
.................................................
. LaTeX info: "xparse/define-command"
. 
. Defining command \biolinumkey with sig. '' on line 432.
.................................................
Requested font "[LinLibertine_I.otf]/OT" at 10.95pt
 -> /usr/local/texlive/2018/texmf-dist/fonts/opentype/public/libertine/LinLiber
tine_I.otf
.................................................
. fontspec info: "defining-font"
. 
. Font family 'LinLibertine_I(0)' created for font 'LinLibertine_I' with
. options [Extension = .otf,BoldFont={},ItalicFont={},SmallCapsFont={}].
.  
.  This font family consists of the following NFSS series/shapes:
.  
. - 'normal' (m/n) with NFSS spec.:
. <->"[LinLibertine_I.otf]/OT:script=latn;language=DFLT;"
. - 'small caps'  (m/sc) with NFSS spec.: 
.................................................
.................................................
. LaTeX info: "xparse/define-command"
. 
. Defining command \libertineInitial with sig. '' on line 433.
.................................................
LaTeX Info: Redefining \oldstylenums on input line 470.
LaTeX Info: Redefining \liningnums on input line 471.
.................................................
. fontspec info: "defining-font"
. 
. Font family 'LinLibertine(7)' created for font 'LinLibertine' with options
. [Extension = .otf,Numbers = {Monospaced,Lining},UprightFont = *_R,ItalicFont
. = *_RI,BoldFont = *_RB,BoldItalicFont = *_RBI].
.  
.  This font family consists of the following NFSS series/shapes:
.  
. - 'normal' (m/n) with NFSS spec.:
. <->"[LinLibertine_R.otf]/OT:script=latn;language=DFLT;+tnum;+lnum;"
. - 'small caps'  (m/sc) with NFSS spec.:
. <->"[LinLibertine_R.otf]/OT:script=latn;language=DFLT;+tnum;+lnum;+smcp;"
. - 'bold' (bx/n) with NFSS spec.:
. <->"[LinLibertine_RB.otf]/OT:script=latn;language=DFLT;+tnum;+lnum;"
. - 'bold small caps'  (bx/sc) with NFSS spec.:
. <->"[LinLibertine_RB.otf]/OT:script=latn;language=DFLT;+tnum;+lnum;+smcp;"
. - 'italic' (m/it) with NFSS spec.:
. <->"[LinLibertine_RI.otf]/OT:script=latn;language=DFLT;+tnum;+lnum;"
. - 'italic small caps'  (m/itsc) with NFSS spec.:
. <->"[LinLibertine_RI.otf]/OT:script=latn;language=DFLT;+tnum;+lnum;+smcp;"
. - 'bold italic' (bx/it) with NFSS spec.:
. <->"[LinLibertine_RBI.otf]/OT:script=latn;language=DFLT;+tnum;+lnum;"
. - 'bold italic small caps'  (bx/itsc) with NFSS spec.:
. <->"[LinLibertine_RBI.otf]/OT:script=latn;language=DFLT;+tnum;+lnum;+smcp;"
.................................................
.................................................
. LaTeX info: "xparse/define-command"
. 
. Defining command \libertinetabular with sig. '' on line 518.
.................................................
.................................................
. fontspec info: "defining-font"
. 
. Font family 'LinLibertine(8)' created for font 'LinLibertine' with options
. [Extension = .otf,Numbers = {Proportional,Lining},UprightFont =
. *_R,ItalicFont = *_RI,BoldFont = *_RB,BoldItalicFont = *_RBI].
.  
.  This font family consists of the following NFSS series/shapes:
.  
. - 'normal' (m/n) with NFSS spec.:
. <->"[LinLibertine_R.otf]/OT:script=latn;language=DFLT;+pnum;+lnum;"
. - 'small caps'  (m/sc) with NFSS spec.:
. <->"[LinLibertine_R.otf]/OT:script=latn;language=DFLT;+pnum;+lnum;+smcp;"
. - 'bold' (bx/n) with NFSS spec.:
. <->"[LinLibertine_RB.otf]/OT:script=latn;language=DFLT;+pnum;+lnum;"
. - 'bold small caps'  (bx/sc) with NFSS spec.:
. <->"[LinLibertine_RB.otf]/OT:script=latn;language=DFLT;+pnum;+lnum;+smcp;"
. - 'italic' (m/it) with NFSS spec.:
. <->"[LinLibertine_RI.otf]/OT:script=latn;language=DFLT;+pnum;+lnum;"
. - 'italic small caps'  (m/itsc) with NFSS spec.:
. <->"[LinLibertine_RI.otf]/OT:script=latn;language=DFLT;+pnum;+lnum;+smcp;"
. - 'bold italic' (bx/it) with NFSS spec.:
. <->"[LinLibertine_RBI.otf]/OT:script=latn;language=DFLT;+pnum;+lnum;"
. - 'bold italic small caps'  (bx/itsc) with NFSS spec.:
. <->"[LinLibertine_RBI.otf]/OT:script=latn;language=DFLT;+pnum;+lnum;+smcp;"
.................................................
.................................................
. LaTeX info: "xparse/define-command"
. 
. Defining command \libertineproportional with sig. '' on line 525.
.................................................
.................................................
. fontspec info: "defining-font"
. 
. Font family 'LinBiolinum(4)' created for font 'LinBiolinum' with options
. [Extension = .otf,Numbers = {Monospaced,},Scale = 1,UprightFont =
. *_R,ItalicFont = *_RI,BoldFont = *_RB,BoldItalicFont = *_RBO].
.  
.  This font family consists of the following NFSS series/shapes:
.  
. - 'normal' (m/n) with NFSS spec.:
. <->s*[1]"[LinBiolinum_R.otf]/OT:script=latn;language=DFLT;+tnum;"
. - 'small caps'  (m/sc) with NFSS spec.:
. <->s*[1]"[LinBiolinum_R.otf]/OT:script=latn;language=DFLT;+tnum;+smcp;"
. - 'bold' (bx/n) with NFSS spec.:
. <->s*[1]"[LinBiolinum_RB.otf]/OT:script=latn;language=DFLT;+tnum;"
. - 'bold small caps'  (bx/sc) with NFSS spec.:
. <->s*[1]"[LinBiolinum_RB.otf]/OT:script=latn;language=DFLT;+tnum;+smcp;"
. - 'italic' (m/it) with NFSS spec.:
. <->s*[1]"[LinBiolinum_RI.otf]/OT:script=latn;language=DFLT;+tnum;"
. - 'italic small caps'  (m/itsc) with NFSS spec.:
. <->s*[1]"[LinBiolinum_RI.otf]/OT:script=latn;language=DFLT;+tnum;+smcp;"
. - 'bold italic' (bx/it) with NFSS spec.:
. <->s*[1]"[LinBiolinum_RBO.otf]/OT:script=latn;language=DFLT;+tnum;"
. - 'bold italic small caps'  (bx/itsc) with NFSS spec.:
. <->s*[1]"[LinBiolinum_RBO.otf]/OT:script=latn;language=DFLT;+tnum;+smcp;"
.................................................
.................................................
. LaTeX info: "xparse/define-command"
. 
. Defining command \biolinumtabular with sig. '' on line 533.
.................................................
.................................................
. fontspec info: "defining-font"
. 
. Font family 'LinBiolinum(5)' created for font 'LinBiolinum' with options
. [Extension = .otf,Numbers = {Proportional,},Scale = 1,UprightFont =
. *_R,ItalicFont = *_RI,BoldFont = *_RB,BoldItalicFont = *_RBO].
.  
.  This font family consists of the following NFSS series/shapes:
.  
. - 'normal' (m/n) with NFSS spec.:
. <->s*[1]"[LinBiolinum_R.otf]/OT:script=latn;language=DFLT;+pnum;"
. - 'small caps'  (m/sc) with NFSS spec.:
. <->s*[1]"[LinBiolinum_R.otf]/OT:script=latn;language=DFLT;+pnum;+smcp;"
. - 'bold' (bx/n) with NFSS spec.:
. <->s*[1]"[LinBiolinum_RB.otf]/OT:script=latn;language=DFLT;+pnum;"
. - 'bold small caps'  (bx/sc) with NFSS spec.:
. <->s*[1]"[LinBiolinum_RB.otf]/OT:script=latn;language=DFLT;+pnum;+smcp;"
. - 'italic' (m/it) with NFSS spec.:
. <->s*[1]"[LinBiolinum_RI.otf]/OT:script=latn;language=DFLT;+pnum;"
. - 'italic small caps'  (m/itsc) with NFSS spec.:
. <->s*[1]"[LinBiolinum_RI.otf]/OT:script=latn;language=DFLT;+pnum;+smcp;"
. - 'bold italic' (bx/it) with NFSS spec.:
. <->s*[1]"[LinBiolinum_RBO.otf]/OT:script=latn;language=DFLT;+pnum;"
. - 'bold italic small caps'  (bx/itsc) with NFSS spec.:
. <->s*[1]"[LinBiolinum_RBO.otf]/OT:script=latn;language=DFLT;+pnum;+smcp;"
.................................................
.................................................
. LaTeX info: "xparse/define-command"
. 
. Defining command \biolinumproportional with sig. '' on line 541.
.................................................

(/usr/local/texlive/2018/texmf-dist/tex/latex/libertine/LinLibertine_R.tex)
(/usr/local/texlive/2018/texmf-dist/tex/latex/libertine/LinBiolinum_R.tex)
(/usr/local/texlive/2018/texmf-dist/tex/latex/libertine/LinBiolinum_K.tex)
(/usr/local/texlive/2018/texmf-dist/tex/latex/libertine/LinLibertine_I.tex)
(/usr/local/texlive/2018/texmf-dist/tex/latex/libertine/LKey.tex))
(/usr/local/texlive/2018/texmf-dist/tex/generic/babel/babel.sty
Package: babel 2018/06/05 3.22 The Babel package

(/usr/local/texlive/2018/texmf-dist/tex/generic/babel/switch.def
File: switch.def 2018/06/05 3.22 Babel switching mechanism
)
(/usr/local/texlive/2018/texmf-dist/tex/generic/babel-english/english.ldf
Language: english 2017/06/06 v3.3r English support from the babel system

(/usr/local/texlive/2018/texmf-dist/tex/generic/babel/babel.def
File: babel.def 2018/06/05 3.22 Babel common definitions
\babel@savecnt=\count270
\U@D=\dimen143

(/usr/local/texlive/2018/texmf-dist/tex/generic/babel/xebabel.def
(/usr/local/texlive/2018/texmf-dist/tex/generic/babel/txtbabel.def))
\bbl@dirlevel=\count271
)
\l@canadian = a dialect from \language\l@american 
\l@australian = a dialect from \language\l@british 
\l@newzealand = a dialect from \language\l@british 
)
(/usr/local/texlive/2018/texmf-dist/tex/generic/babel-german/ngerman.ldf
Language: ngerman 2018/03/29 v2.10 German support for babel (post-1996 orthogra
phy)

(/usr/local/texlive/2018/texmf-dist/tex/generic/babel-german/ngermanb.ldf
Language: ngermanb 2018/03/29 v2.10 German support for babel (post-1996 orthogr
aphy)
Package babel Info: Making " an active character on input line 121.
)))
Requested font "LibertinusSerif" at 10.95pt
 -> /Users/wti-mac/Library/Fonts/libertinusserif-regular.otf
Requested font "LibertinusSerif/OT" at 10.95pt
 -> /Users/wti-mac/Library/Fonts/libertinusserif-regular.otf
Requested font "LibertinusSerif/OT" at 10.95pt
 -> /Users/wti-mac/Library/Fonts/libertinusserif-regular.otf
Requested font "LibertinusSerif/BI/OT" at 10.95pt
 -> /Users/wti-mac/Library/Fonts/libertinusserif-semibolditalic.otf
Requested font "LibertinusSerif/OT" at 10.95pt
 -> /Users/wti-mac/Library/Fonts/libertinusserif-regular.otf
Requested font "LibertinusSerif/B/OT" at 10.95pt
 -> /Users/wti-mac/Library/Fonts/libertinusserif-semibold.otf
Requested font "LibertinusSerif/OT" at 10.95pt
 -> /Users/wti-mac/Library/Fonts/libertinusserif-regular.otf
Requested font "LibertinusSerif/I/OT" at 10.95pt
 -> /Users/wti-mac/Library/Fonts/libertinusserif-italic.otf
Requested font "LibertinusSerif/OT" at 10.95pt
 -> /Users/wti-mac/Library/Fonts/libertinusserif-regular.otf
Requested font "LibertinusSerif/OT" at 10.95pt
 -> /Users/wti-mac/Library/Fonts/libertinusserif-regular.otf
Requested font "LibertinusSerif/B/OT" at 10.95pt
 -> /Users/wti-mac/Library/Fonts/libertinusserif-semibold.otf
Requested font "LibertinusSerif/B/OT" at 10.95pt
 -> /Users/wti-mac/Library/Fonts/libertinusserif-semibold.otf
Requested font "LibertinusSerif/I/OT" at 10.95pt
 -> /Users/wti-mac/Library/Fonts/libertinusserif-italic.otf
Requested font "LibertinusSerif/I/OT" at 10.95pt
 -> /Users/wti-mac/Library/Fonts/libertinusserif-italic.otf
Requested font "LibertinusSerif/BI/OT" at 10.95pt
 -> /Users/wti-mac/Library/Fonts/libertinusserif-semibolditalic.otf
Requested font "LibertinusSerif/BI/OT" at 10.95pt
 -> /Users/wti-mac/Library/Fonts/libertinusserif-semibolditalic.otf
.................................................
. fontspec info: "defining-font"
. 
. Font family 'LibertinusSerif(0)' created for font 'LibertinusSerif' with
. options [Ligatures=TeX].
.  
.  This font family consists of the following NFSS series/shapes:
.  
. - 'normal' (m/n) with NFSS spec.:
. <->"LibertinusSerif/OT:script=latn;language=DFLT;mapping=tex-text;"
. - 'small caps'  (m/sc) with NFSS spec.:
. <->"LibertinusSerif/OT:script=latn;language=DFLT;+smcp;mapping=tex-text;"
. - 'bold' (bx/n) with NFSS spec.:
. <->"LibertinusSerif/B/OT:script=latn;language=DFLT;mapping=tex-text;"
. - 'bold small caps'  (bx/sc) with NFSS spec.:
. <->"LibertinusSerif/B/OT:script=latn;language=DFLT;+smcp;mapping=tex-text;"
. - 'italic' (m/it) with NFSS spec.:
. <->"LibertinusSerif/I/OT:script=latn;language=DFLT;mapping=tex-text;"
. - 'italic small caps'  (m/itsc) with NFSS spec.:
. <->"LibertinusSerif/I/OT:script=latn;language=DFLT;+smcp;mapping=tex-text;"
. - 'bold italic' (bx/it) with NFSS spec.:
. <->"LibertinusSerif/BI/OT:script=latn;language=DFLT;mapping=tex-text;"
. - 'bold italic small caps'  (bx/itsc) with NFSS spec.:
. <->"LibertinusSerif/BI/OT:script=latn;language=DFLT;+smcp;mapping=tex-text;"
.................................................
LaTeX Info: Redefining \rmfamily on input line 9.
Requested font "LibertinusSerif/OT:script=latn;language=DFLT;mapping=tex-text;"
 at 10.95pt
 -> /Users/wti-mac/Library/Fonts/libertinusserif-regular.otf

(/usr/local/texlive/2018/texmf-dist/tex/latex/bibleref-german/bibleref-german.s
ty
Invalid UTF-8 byte or sequence at line 1 replaced by U+FFFD.
Package: bibleref-german 2011/04/02 v1.0a German translation of bibleref
 (/usr/local/texlive/2018/texmf-dist/tex/latex/bibleref/bibleref.sty
Package: bibleref 2018/07/31 1.20 (NLCT and MR)

(/usr/local/texlive/2018/texmf-dist/tex/latex/base/ifthen.sty
Package: ifthen 2014/09/29 v1.1c Standard LaTeX ifthen package (DPC)
)
(/usr/local/texlive/2018/texmf-dist/tex/latex/fmtcount/fmtcount.sty
Invalid UTF-8 byte or sequence at line 10 replaced by U+FFFD.
Invalid UTF-8 byte or sequence at line 22 replaced by U+FFFD.
Package: fmtcount 2017/12/24 v3.05

(/usr/local/texlive/2018/texmf-dist/tex/latex/fmtcount/fcprefix.sty
Invalid UTF-8 byte or sequence at line 10 replaced by U+FFFD.
Invalid UTF-8 byte or sequence at line 22 replaced by U+FFFD.
Package: fcprefix 2012/09/28

(/usr/local/texlive/2018/texmf-dist/tex/latex/fmtcount/fcnumparser.sty
Invalid UTF-8 byte or sequence at line 10 replaced by U+FFFD.
Invalid UTF-8 byte or sequence at line 22 replaced by U+FFFD.
Package: fcnumparser 2017/06/15
\fc@digit@counter=\count272
))
(/usr/local/texlive/2018/texmf-dist/tex/latex/amsmath/amsgen.sty
File: amsgen.sty 1999/11/30 v2.0 generic functions
\@emptytoks=\toks19
\ex@=\dimen144
)
\c@padzeroesN=\count273
\fc@tmpcatcode=\count274

(/usr/local/texlive/2018/texmf-dist/tex/latex/fmtcount/fc-english.def
Invalid UTF-8 byte or sequence at line 10 replaced by U+FFFD.
Invalid UTF-8 byte or sequence at line 22 replaced by U+FFFD.
File: fc-english.def 2016/01/12
)
(/usr/local/texlive/2018/texmf-dist/tex/latex/fmtcount/fc-ngerman.def
Invalid UTF-8 byte or sequence at line 10 replaced by U+FFFD.
Invalid UTF-8 byte or sequence at line 22 replaced by U+FFFD.
File: fc-ngerman.def 2012/06/18

(/usr/local/texlive/2018/texmf-dist/tex/latex/fmtcount/fc-german.def
Invalid UTF-8 byte or sequence at line 10 replaced by U+FFFD.
Invalid UTF-8 byte or sequence at line 22 replaced by U+FFFD.
File: fc-german.def 2016/01/12

(/usr/local/texlive/2018/texmf-dist/tex/latex/fmtcount/fc-germanb.def
Invalid UTF-8 byte or sequence at line 10 replaced by U+FFFD.
Invalid UTF-8 byte or sequence at line 22 replaced by U+FFFD.
File: fc-germanb.def 2013/08/17
))
(/usr/local/texlive/2018/texmf-dist/tex/latex/fmtcount/fc-ngermanb.def
Invalid UTF-8 byte or sequence at line 10 replaced by U+FFFD.
Invalid UTF-8 byte or sequence at line 22 replaced by U+FFFD.
File: fc-ngermanb.def 2013/08/17
))
\@DT@modctr=\count275
\@ordinalctr=\count276
\@orgargctr=\count277
\@strctr=\count278
\@tmpstrctr=\count279
\@DT@loopN=\count280
\@DT@X=\count281
)
\@bv@tmpa=\toks20
\@bv@tmpb=\toks21
)
Invalid UTF-8 byte or sequence at line 7 replaced by U+FFFD.
Invalid UTF-8 byte or sequence at line 9 replaced by U+FFFD.
Invalid UTF-8 byte or sequence at line 25 replaced by U+FFFD.
Invalid UTF-8 byte or sequence at line 48 replaced by U+FFFD.
Invalid UTF-8 byte or sequence at line 48 replaced by U+FFFD.
Invalid UTF-8 byte or sequence at line 57 replaced by U+FFFD.
Invalid UTF-8 byte or sequence at line 63 replaced by U+FFFD.
Invalid UTF-8 byte or sequence at line 65 replaced by U+FFFD.
Invalid UTF-8 byte or sequence at line 67 replaced by U+FFFD.
Invalid UTF-8 byte or sequence at line 70 replaced by U+FFFD.
Invalid UTF-8 byte or sequence at line 71 replaced by U+FFFD.
Invalid UTF-8 byte or sequence at line 72 replaced by U+FFFD.
Invalid UTF-8 byte or sequence at line 87 replaced by U+FFFD.
Invalid UTF-8 byte or sequence at line 132 replaced by U+FFFD.
Invalid UTF-8 byte or sequence at line 137 replaced by U+FFFD.
Invalid UTF-8 byte or sequence at line 683 replaced by U+FFFD.
Invalid UTF-8 byte or sequence at line 687 replaced by U+FFFD.
Invalid UTF-8 byte or sequence at line 1248 replaced by U+FFFD.
Invalid UTF-8 byte or sequence at line 1317 replaced by U+FFFD.
Invalid UTF-8 byte or sequence at line 1339 replaced by U+FFFD.
Invalid UTF-8 byte or sequence at line 1358 replaced by U+FFFD.
Invalid UTF-8 byte or sequence at line 1367 replaced by U+FFFD.
Invalid UTF-8 byte or sequence at line 1371 replaced by U+FFFD.
Invalid UTF-8 byte or sequence at line 1395 replaced by U+FFFD.
Invalid UTF-8 byte or sequence at line 1416 replaced by U+FFFD.
Invalid UTF-8 byte or sequence at line 1422 replaced by U+FFFD.
Invalid UTF-8 byte or sequence at line 1432 replaced by U+FFFD.
Invalid UTF-8 byte or sequence at line 1452 replaced by U+FFFD.
Invalid UTF-8 byte or sequence at line 1460 replaced by U+FFFD.
Invalid UTF-8 byte or sequence at line 1466 replaced by U+FFFD.
Invalid UTF-8 byte or sequence at line 1467 replaced by U+FFFD.
Invalid UTF-8 byte or sequence at line 1468 replaced by U+FFFD.
Invalid UTF-8 byte or sequence at line 1494 replaced by U+FFFD.
Invalid UTF-8 byte or sequence at line 1506 replaced by U+FFFD.
Invalid UTF-8 byte or sequence at line 1513 replaced by U+FFFD.
Invalid UTF-8 byte or sequence at line 1519 replaced by U+FFFD.
Invalid UTF-8 byte or sequence at line 1520 replaced by U+FFFD.
Invalid UTF-8 byte or sequence at line 1521 replaced by U+FFFD.
Invalid UTF-8 byte or sequence at line 1531 replaced by U+FFFD.
Invalid UTF-8 byte or sequence at line 1551 replaced by U+FFFD.
Invalid UTF-8 byte or sequence at line 1610 replaced by U+FFFD.
Invalid UTF-8 byte or sequence at line 1616 replaced by U+FFFD.
Invalid UTF-8 byte or sequence at line 1624 replaced by U+FFFD.
Invalid UTF-8 byte or sequence at line 1694 replaced by U+FFFD.
LaTeX Info: Redefining \@OrdinalstringMgerman on input line 1695.
LaTeX Info: Redefining \@OrdinalstringFgerman on input line 1699.
LaTeX Info: Redefining \@OrdinalstringNgerman on input line 1703.
)
(/usr/local/texlive/2018/texmf-dist/tex/latex/bibleref-parse/bibleref-parse.sty
Package: bibleref-parse 2011/04/10 v1.1 Parsing of Bible references
) (/usr/local/texlive/2018/texmf-dist/tex/latex/blindtext/blindtext.sty
Package: blindtext 2012/01/06 V2.0 blindtext-Package

(/usr/local/texlive/2018/texmf-dist/tex/latex/tools/xspace.sty
Package: xspace 2014/10/28 v1.13 Space after command names (DPC,MH)
)
\c@blindtext=\count282
\c@Blindtext=\count283
\c@blind@countparstart=\count284
\blind@countxx=\count285
\blindtext@numBlindtext=\count286
\blind@countyy=\count287
\c@blindlist=\count288
\c@blindlistlevel=\count289
\c@blindlist@level=\count290
\blind@listitem=\count291
\c@blind@listcount=\count292
\c@blind@levelcount=\count293
\blind@mathformula=\count294
\blind@Mathformula=\count295
\c@blind@randomcount=\count296
\c@blind@randommax=\count297
\c@blind@pangramcount=\count298
\c@blind@pangrammax=\count299
)
(/usr/local/texlive/2018/texmf-dist/tex/latex/koma-script/scrlayer-scrpage.sty
Package: scrlayer-scrpage 2018/03/30 v3.25 KOMA-Script package (end user interf
ace for scrlayer)

(/usr/local/texlive/2018/texmf-dist/tex/latex/koma-script/scrlayer.sty
Package: scrlayer 2018/03/30 v3.25 KOMA-Script package (defining layers and pag
e styles)
Package scrlayer Info: Using already defined \footheight
(scrlayer)             hoping, that this is a length and
(scrlayer)             not only a macro on input line 109.
Package scrlayer Info: patching LaTeX kernel macro \pagestyle on input line 199
7.
)
Package scrlayer-scrpage Info: Makeing stand-alone element `pagehead' from
(scrlayer-scrpage)             alias to `pageheadfoot' on input line 1241.
Package scrlayer-scrpage Info: deactivating warning for font element
(scrlayer-scrpage)             `pagefoot' on input line 1268.
)
Package scrlayer-scrpage Info: auto-selection of `pagestyleset=KOMA-Script'.

1: subsection
1: section
1: section
1: subsection
Requested font "Linux Libertine/OT" at 10.95pt
 -> /Users/wti-mac/Library/Fonts/LinLibertine_Rah.ttf
Requested font "Linux Libertine/BI/OT" at 10.95pt
 -> /Users/wti-mac/Library/Fonts/LinLibertine_RZIah.ttf
Requested font "Linux Libertine/B/OT" at 10.95pt
 -> /Users/wti-mac/Library/Fonts/LinLibertine_RZah.ttf
Requested font "Linux Libertine/I/OT" at 10.95pt
 -> /Users/wti-mac/Library/Fonts/LinLibertine_RIah.ttf
Requested font "Linux Libertine/B/OT" at 10.95pt
 -> /Users/wti-mac/Library/Fonts/LinLibertine_RZah.ttf
Requested font "Linux Libertine/B/OT" at 10.95pt
 -> /Users/wti-mac/Library/Fonts/LinLibertine_RZah.ttf
Requested font "Linux Libertine/I/OT" at 10.95pt
 -> /Users/wti-mac/Library/Fonts/LinLibertine_RIah.ttf
Requested font "Linux Libertine/I/OT" at 10.95pt
 -> /Users/wti-mac/Library/Fonts/LinLibertine_RIah.ttf
Requested font "Linux Libertine/BI/OT" at 10.95pt
 -> /Users/wti-mac/Library/Fonts/LinLibertine_RZIah.ttf
Requested font "Linux Libertine/BI/OT" at 10.95pt
 -> /Users/wti-mac/Library/Fonts/LinLibertine_RZIah.ttf
.................................................
. fontspec info: "defining-font"
. 
. Font family 'LinuxLibertine(0)' created for font 'Linux Libertine' with
. options [Script=Hebrew].
.  
.  This font family consists of the following NFSS series/shapes:
.  
. - 'normal' (m/n) with NFSS spec.: <->"Linux
. Libertine/OT:script=hebr;language=DFLT;"
. - 'small caps'  (m/sc) with NFSS spec.: 
. - 'bold' (bx/n) with NFSS spec.: <->"Linux
. Libertine/B/OT:script=hebr;language=DFLT;"
. - 'bold small caps'  (bx/sc) with NFSS spec.: 
. - 'italic' (m/it) with NFSS spec.: <->"Linux
. Libertine/I/OT:script=hebr;language=DFLT;"
. - 'italic small caps'  (m/itsc) with NFSS spec.: 
. - 'bold italic' (bx/it) with NFSS spec.: <->"Linux
. Libertine/BI/OT:script=hebr;language=DFLT;"
. - 'bold italic small caps'  (bx/itsc) with NFSS spec.: 
.................................................
.................................................
. LaTeX info: "xparse/define-command"
. 
. Defining command \hebrewfont with sig. '' on line 36.
.................................................
Package csquotes Info: Checking for multilingual support...
Package csquotes Info: ... found 'babel' package.
(./syntax01.aux)
\openout1 = `syntax01.aux'.

LaTeX Font Info:    Checking defaults for OML/cmm/m/it on input line 36.
LaTeX Font Info:    ... okay on input line 36.
LaTeX Font Info:    Checking defaults for T1/cmr/m/n on input line 36.
LaTeX Font Info:    ... okay on input line 36.
LaTeX Font Info:    Checking defaults for OT1/cmr/m/n on input line 36.
LaTeX Font Info:    ... okay on input line 36.
LaTeX Font Info:    Checking defaults for OMS/cmsy/m/n on input line 36.
LaTeX Font Info:    ... okay on input line 36.
LaTeX Font Info:    Checking defaults for TU/lmr/m/n on input line 36.
LaTeX Font Info:    ... okay on input line 36.
LaTeX Font Info:    Checking defaults for OMX/cmex/m/n on input line 36.
LaTeX Font Info:    ... okay on input line 36.
LaTeX Font Info:    Checking defaults for U/cmr/m/n on input line 36.
LaTeX Font Info:    ... okay on input line 36.
LaTeX Font Info:    Checking defaults for PD1/pdf/m/n on input line 36.
LaTeX Font Info:    ... okay on input line 36.
LaTeX Font Info:    Checking defaults for PU/pdf/m/n on input line 36.
LaTeX Font Info:    ... okay on input line 36.
LaTeX Font Info:    Checking defaults for TS1/cmr/m/n on input line 36.
LaTeX Font Info:    Try loading font information for TS1+cmr on input line 36.
 (/usr/local/texlive/2018/texmf-dist/tex/latex/base/ts1cmr.fd
File: ts1cmr.fd 2014/09/29 v2.5h Standard LaTeX font definitions
)
LaTeX Font Info:    ... okay on input line 36.
.................................................
. fontspec info: "setup-math"
. 
. Adjusting the maths setup (use [no-math] to avoid this).
.................................................
\symlegacymaths=\mathgroup4
LaTeX Font Info:    Overwriting symbol font `legacymaths' in version `bold'
(Font)                  OT1/cmr/m/n --> OT1/cmr/bx/n on input line 36.
LaTeX Font Info:    Redeclaring math accent \acute on input line 36.
LaTeX Font Info:    Redeclaring math accent \grave on input line 36.
LaTeX Font Info:    Redeclaring math accent \ddot on input line 36.
LaTeX Font Info:    Redeclaring math accent \tilde on input line 36.
LaTeX Font Info:    Redeclaring math accent \bar on input line 36.
LaTeX Font Info:    Redeclaring math accent \breve on input line 36.
LaTeX Font Info:    Redeclaring math accent \check on input line 36.
LaTeX Font Info:    Redeclaring math accent \hat on input line 36.
LaTeX Font Info:    Redeclaring math accent \dot on input line 36.
LaTeX Font Info:    Redeclaring math accent \mathring on input line 36.
LaTeX Font Info:    Redeclaring math symbol \colon on input line 36.
LaTeX Font Info:    Redeclaring math symbol \Gamma on input line 36.
LaTeX Font Info:    Redeclaring math symbol \Delta on input line 36.
LaTeX Font Info:    Redeclaring math symbol \Theta on input line 36.
LaTeX Font Info:    Redeclaring math symbol \Lambda on input line 36.
LaTeX Font Info:    Redeclaring math symbol \Xi on input line 36.
LaTeX Font Info:    Redeclaring math symbol \Pi on input line 36.
LaTeX Font Info:    Redeclaring math symbol \Sigma on input line 36.
LaTeX Font Info:    Redeclaring math symbol \Upsilon on input line 36.
LaTeX Font Info:    Redeclaring math symbol \Phi on input line 36.
LaTeX Font Info:    Redeclaring math symbol \Psi on input line 36.
LaTeX Font Info:    Redeclaring math symbol \Omega on input line 36.
LaTeX Font Info:    Redeclaring math symbol \mathdollar on input line 36.
LaTeX Font Info:    Redeclaring symbol font `operators' on input line 36.
LaTeX Font Info:    Encoding `OT1' has changed to `TU' for symbol font
(Font)              `operators' in the math version `normal' on input line 36.
LaTeX Font Info:    Overwriting symbol font `operators' in version `normal'
(Font)                  OT1/cmr/m/n --> TU/LibertinusSerif(0)/m/n on input line
 36.
LaTeX Font Info:    Encoding `OT1' has changed to `TU' for symbol font
(Font)              `operators' in the math version `bold' on input line 36.
LaTeX Font Info:    Overwriting symbol font `operators' in version `bold'
(Font)                  OT1/cmr/bx/n --> TU/LibertinusSerif(0)/m/n on input lin
e 36.
LaTeX Font Info:    Overwriting symbol font `operators' in version `normal'
(Font)                  TU/LibertinusSerif(0)/m/n --> TU/LibertinusSerif(0)/m/n
 on input line 36.
LaTeX Font Info:    Overwriting math alphabet `\mathit' in version `normal'
(Font)                  OT1/cmr/m/it --> TU/LibertinusSerif(0)/m/it on input li
ne 36.
LaTeX Font Info:    Overwriting math alphabet `\mathbf' in version `normal'
(Font)                  OT1/cmr/bx/n --> TU/LibertinusSerif(0)/bx/n on input li
ne 36.
LaTeX Font Info:    Overwriting math alphabet `\mathsf' in version `normal'
(Font)                  OT1/cmss/m/n --> TU/LinBiolinum(0)/m/n on input line 36
.
LaTeX Font Info:    Overwriting math alphabet `\mathtt' in version `normal'
(Font)                  OT1/cmtt/m/n --> TU/LinLibertine(5)/m/n on input line 3
6.
LaTeX Font Info:    Overwriting symbol font `operators' in version `bold'
(Font)                  TU/LibertinusSerif(0)/m/n --> TU/LibertinusSerif(0)/bx/
n on input line 36.
LaTeX Font Info:    Overwriting math alphabet `\mathit' in version `bold'
(Font)                  OT1/cmr/bx/it --> TU/LibertinusSerif(0)/bx/it on input 
line 36.
LaTeX Font Info:    Overwriting math alphabet `\mathsf' in version `bold'
(Font)                  OT1/cmss/bx/n --> TU/LinBiolinum(0)/bx/n on input line 
36.
LaTeX Font Info:    Overwriting math alphabet `\mathtt' in version `bold'
(Font)                  OT1/cmtt/m/n --> TU/LinLibertine(5)/bx/n on input line 
36.
\AtBeginShipoutBox=\box44
Package hyperref Info: Link coloring OFF on input line 36.

(/usr/local/texlive/2018/texmf-dist/tex/latex/hyperref/nameref.sty
Package: nameref 2016/05/21 v2.44 Cross-referencing by name of section

(/usr/local/texlive/2018/texmf-dist/tex/generic/oberdiek/gettitlestring.sty
Package: gettitlestring 2016/05/16 v1.5 Cleanup title references (HO)
)
\c@section@level=\count300
)
LaTeX Info: Redefining \ref on input line 36.
LaTeX Info: Redefining \pageref on input line 36.
LaTeX Info: Redefining \nameref on input line 36.

(./syntax01.out) (./syntax01.out)
\@outlinefile=\write3
\openout3 = `syntax01.out'.

LaTeX Info: Redefining \microtypecontext on input line 36.
Package microtype Info: Character protrusion enabled (level 2).
Package microtype Info: Using default protrusion set `alltext'.
Package microtype Info: No adjustment of tracking.
Package microtype Info: No adjustment of spacing.
Package microtype Info: No adjustment of kerning.
Package microtype Info: Loading generic protrusion settings for font family
(microtype)             `LibertinusSerif' (encoding: TU).
(microtype)             For optimal results, create family-specific settings.
(microtype)             See the microtype manual for details.
LaTeX Font Info:    Font shape `TU/LinBiolinum(0)/m/n' will be
(Font)              scaled to size 10.95pt on input line 38.
Requested font "[LinBiolinum_R.otf]/OT:script=latn;language=DFLT;+tnum;mapping=
tex-text;" at 10.95pt
 -> /usr/local/texlive/2018/texmf-dist/fonts/opentype/public/libertine/LinBioli
num_R.otf
Package microtype Info: Loading generic protrusion settings for font family
(microtype)             `LinBiolinum' (encoding: TU).
(microtype)             For optimal results, create family-specific settings.
(microtype)             See the microtype manual for details.
LaTeX Font Info:    Font shape `TU/LinBiolinum(0)/bx/n' will be
(Font)              scaled to size 10.95pt on input line 38.
Requested font "[LinBiolinum_RB.otf]/OT:script=latn;language=DFLT;+tnum;mapping
=tex-text;" at 10.95pt
 -> /usr/local/texlive/2018/texmf-dist/fonts/opentype/public/libertine/LinBioli
num_RB.otf
LaTeX Font Info:    Font shape `TU/LinBiolinum(0)/bx/n' will be
(Font)              scaled to size 20.74pt on input line 38.
Requested font "[LinBiolinum_RB.otf]/OT:script=latn;language=DFLT;+tnum;mapping
=tex-text;" at 20.74pt
 -> /usr/local/texlive/2018/texmf-dist/fonts/opentype/public/libertine/LinBioli
num_RB.otf
Requested font "LibertinusSerif/OT:script=latn;language=DFLT;mapping=tex-text;"
 at 20.74pt
 -> /Users/wti-mac/Library/Fonts/libertinusserif-regular.otf
Requested font "LibertinusSerif/OT:script=latn;language=DFLT;mapping=tex-text;"
 at 14.4pt
 -> /Users/wti-mac/Library/Fonts/libertinusserif-regular.otf
Requested font "LibertinusSerif/OT:script=latn;language=DFLT;mapping=tex-text;"
 at 12.0pt
 -> /Users/wti-mac/Library/Fonts/libertinusserif-regular.otf
Requested font "cmmi12" at 20.74pt
 -> /usr/local/texlive/2018/texmf-dist/fonts/tfm/public/cm/cmmi12.tfm
Requested font "cmmi12" at 14.4pt
 -> /usr/local/texlive/2018/texmf-dist/fonts/tfm/public/cm/cmmi12.tfm
Requested font "cmmi12" at 12.0pt
 -> /usr/local/texlive/2018/texmf-dist/fonts/tfm/public/cm/cmmi12.tfm
Requested font "cmsy10" at 20.74pt
 -> /usr/local/texlive/2018/texmf-dist/fonts/tfm/public/cm/cmsy10.tfm
Requested font "cmsy10" at 14.4pt
 -> /usr/local/texlive/2018/texmf-dist/fonts/tfm/public/cm/cmsy10.tfm
Requested font "cmsy10" at 12.0pt
 -> /usr/local/texlive/2018/texmf-dist/fonts/tfm/public/cm/cmsy10.tfm
LaTeX Font Info:    External font `cmex10' loaded for size
(Font)              <20.74> on input line 38.
LaTeX Font Info:    External font `cmex10' loaded for size
(Font)              <14.4> on input line 38.
LaTeX Font Info:    External font `cmex10' loaded for size
(Font)              <12> on input line 38.
Requested font "cmr17" at 20.74pt
 -> /usr/local/texlive/2018/texmf-dist/fonts/tfm/public/cm/cmr17.tfm

(/usr/local/texlive/2018/texmf-dist/tex/latex/microtype/mt-cmr.cfg
File: mt-cmr.cfg 2013/05/19 v2.2 microtype config. file: Computer Modern Roman 
(RS)
)
Requested font "cmr12" at 14.4pt
 -> /usr/local/texlive/2018/texmf-dist/fonts/tfm/public/cm/cmr12.tfm
Requested font "cmr12" at 12.0pt
 -> /usr/local/texlive/2018/texmf-dist/fonts/tfm/public/cm/cmr12.tfm
LaTeX Font Info:    Font shape `TU/LinBiolinum(0)/bx/n' will be
(Font)              scaled to size 14.4pt on input line 38.
Requested font "[LinBiolinum_RB.otf]/OT:script=latn;language=DFLT;+tnum;mapping
=tex-text;" at 14.4pt
 -> /usr/local/texlive/2018/texmf-dist/fonts/opentype/public/libertine/LinBioli
num_RB.otf
LaTeX Font Info:    Font shape `TU/LinBiolinum(0)/bx/n' will be
(Font)              scaled to size 12.0pt on input line 38.
Requested font "[LinBiolinum_RB.otf]/OT:script=latn;language=DFLT;+tnum;mapping
=tex-text;" at 12.0pt
 -> /usr/local/texlive/2018/texmf-dist/fonts/opentype/public/libertine/LinBioli
num_RB.otf
Requested font "LibertinusSerif/OT:script=latn;language=DFLT;mapping=tex-text;"
 at 10.0pt
 -> /Users/wti-mac/Library/Fonts/libertinusserif-regular.otf
Requested font "LibertinusSerif/OT:script=latn;language=DFLT;mapping=tex-text;"
 at 7.0pt
 -> /Users/wti-mac/Library/Fonts/libertinusserif-regular.otf
LaTeX Font Info:    External font `cmex10' loaded for size
(Font)              <7> on input line 38.

(/usr/local/texlive/2018/texmf-dist/tex/generic/oberdiek/se-ascii-print.def
File: se-ascii-print.def 2016/05/16 v1.11 stringenc: Printable ASCII characters

)
Requested font "LibertinusSerif/I/OT:script=latn;language=DFLT;mapping=tex-text
;" at 10.95pt
 -> /Users/wti-mac/Library/Fonts/libertinusserif-italic.otf
Requested font "LibertinusSerif/B/OT:script=latn;language=DFLT;mapping=tex-text
;" at 10.95pt
 -> /Users/wti-mac/Library/Fonts/libertinusserif-semibold.otf
Requested font "LibertinusSerif/BI/OT:script=latn;language=DFLT;mapping=tex-tex
t;" at 10.95pt
 -> /Users/wti-mac/Library/Fonts/libertinusserif-semibolditalic.otf
Requested font "LibertinusSerif/OT:script=latn;language=DFLT;+smcp;mapping=tex-
text;" at 10.95pt
 -> /Users/wti-mac/Library/Fonts/libertinusserif-regular.otf

! Undefined control sequence.
\RL #1->\bgroup \luatextextdir 
                               TRT#1\egroup 
l.56 1
      1       2...
The control sequence at the end of the top line
of your error message was never \def'ed. If you have
misspelled it (e.g., `\hobx'), type `I' and the correct
spelling (e.g., `I\hbox'). Otherwise just continue,
and I'll forget about whatever was undefined.

Missing character: There is no  in font Libertinus Serif/OT:script=latn;langua
ge=DFLT;mapping=tex-text;!
Missing character: There is no  in font Libertinus Serif/OT:script=latn;langua
ge=DFLT;mapping=tex-text;!
Missing character: There is no  in font Libertinus Serif/OT:script=latn;langua
ge=DFLT;mapping=tex-text;!
Missing character: There is no  in font Libertinus Serif/OT:script=latn;langua
ge=DFLT;mapping=tex-text;!
Missing character: There is no  in font Libertinus Serif/OT:script=latn;langua
ge=DFLT;mapping=tex-text;!
Missing character: There is no  in font Libertinus Serif/OT:script=latn;langua
ge=DFLT;mapping=tex-text;!
Missing character: There is no  in font Libertinus Serif/OT:script=latn;langua
ge=DFLT;mapping=tex-text;!
Missing character: There is no  in font Libertinus Serif/OT:script=latn;langua
ge=DFLT;mapping=tex-text;!
Missing character: There is no  in font Libertinus Serif/OT:script=latn;langua
ge=DFLT;mapping=tex-text;!
Missing character: There is no  in font Libertinus Serif/OT:script=latn;langua
ge=DFLT;mapping=tex-text;!
Missing character: There is no  in font Libertinus Serif/OT:script=latn;langua
ge=DFLT;mapping=tex-text;!
Missing character: There is no  in font Libertinus Serif/OT:script=latn;langua
ge=DFLT;mapping=tex-text;!
Missing character: There is no  in font Libertinus Serif/OT:script=latn;langua
ge=DFLT;mapping=tex-text;!
Missing character: There is no  in font Libertinus Serif/OT:script=latn;langua
ge=DFLT;mapping=tex-text;!
Missing character: There is no  in font Libertinus Serif/OT:script=latn;langua
ge=DFLT;mapping=tex-text;!
Missing character: There is no  in font Libertinus Serif/OT:script=latn;langua
ge=DFLT;mapping=tex-text;!
Missing character: There is no  in font Libertinus Serif/OT:script=latn;langua
ge=DFLT;mapping=tex-text;!
Missing character: There is no  in font Libertinus Serif/OT:script=latn;langua
ge=DFLT;mapping=tex-text;!
Missing character: There is no  in font Libertinus Serif/OT:script=latn;langua
ge=DFLT;mapping=tex-text;!
Missing character: There is no  in font Libertinus Serif/OT:script=latn;langua
ge=DFLT;mapping=tex-text;!
Missing character: There is no  in font Libertinus Serif/OT:script=latn;langua
ge=DFLT;mapping=tex-text;!
Missing character: There is no  in font Libertinus Serif/OT:script=latn;langua
ge=DFLT;mapping=tex-text;!
Missing character: There is no  in font Libertinus Serif/OT:script=latn;langua
ge=DFLT;mapping=tex-text;!
Missing character: There is no  in font Libertinus Serif/OT:script=latn;langua
ge=DFLT;mapping=tex-text;!
Missing character: There is no  in font Libertinus Serif/OT:script=latn;langua
ge=DFLT;mapping=tex-text;!
Missing character: There is no  in font Libertinus Serif/OT:script=latn;langua
ge=DFLT;mapping=tex-text;!
Missing character: There is no  in font Libertinus Serif/OT:script=latn;langua
ge=DFLT;mapping=tex-text;!
Missing character: There is no  in font Libertinus Serif/OT:script=latn;langua
ge=DFLT;mapping=tex-text;!
Missing character: There is no  in font Libertinus Serif/OT:script=latn;langua
ge=DFLT;mapping=tex-text;!
Missing character: There is no  in font Libertinus Serif/OT:script=latn;langua
ge=DFLT;mapping=tex-text;!
Missing character: There is no  in font Libertinus Serif/OT:script=latn;langua
ge=DFLT;mapping=tex-text;!

Overfull \hbox (2.01279pt too wide) in paragraph at lines 54--57
\TU/LibertinusSerif(0)/m/n/10.95     
  3     4 
 
 []

LaTeX Font Info:    Font shape `TU/LibertinusSerif(0)/m/sl' in size <10.95> not
 available
(Font)              Font shape `TU/LibertinusSerif(0)/m/it' tried instead on in
put line 60.
Requested font "LibertinusSerif/I/OT:script=latn;language=DFLT;mapping=tex-text
;" at 10.95pt
 -> /Users/wti-mac/Library/Fonts/libertinusserif-italic.otf
Requested font "LibertinusSerif/OT:script=latn;language=DFLT;mapping=tex-text;"
 at 8.0pt
 -> /Users/wti-mac/Library/Fonts/libertinusserif-regular.otf
Requested font "LibertinusSerif/OT:script=latn;language=DFLT;mapping=tex-text;"
 at 6.0pt
 -> /Users/wti-mac/Library/Fonts/libertinusserif-regular.otf
Requested font "cmmi10" at 10.95pt
 -> /usr/local/texlive/2018/texmf-dist/fonts/tfm/public/cm/cmmi10.tfm
Requested font "cmmi8" at 8.0pt
 -> /usr/local/texlive/2018/texmf-dist/fonts/tfm/public/cm/cmmi8.tfm
Requested font "cmmi6" at 6.0pt
 -> /usr/local/texlive/2018/texmf-dist/fonts/tfm/public/cm/cmmi6.tfm
Requested font "cmsy10" at 10.95pt
 -> /usr/local/texlive/2018/texmf-dist/fonts/tfm/public/cm/cmsy10.tfm
Requested font "cmsy8" at 8.0pt
 -> /usr/local/texlive/2018/texmf-dist/fonts/tfm/public/cm/cmsy8.tfm
Requested font "cmsy6" at 6.0pt
 -> /usr/local/texlive/2018/texmf-dist/fonts/tfm/public/cm/cmsy6.tfm
LaTeX Font Info:    External font `cmex10' loaded for size
(Font)              <10.95> on input line 60.
LaTeX Font Info:    External font `cmex10' loaded for size
(Font)              <8> on input line 60.
LaTeX Font Info:    External font `cmex10' loaded for size
(Font)              <6> on input line 60.
Requested font "cmr10" at 10.95pt
 -> /usr/local/texlive/2018/texmf-dist/fonts/tfm/public/cm/cmr10.tfm
Requested font "cmr8" at 8.0pt
 -> /usr/local/texlive/2018/texmf-dist/fonts/tfm/public/cm/cmr8.tfm
Requested font "cmr6" at 6.0pt
 -> /usr/local/texlive/2018/texmf-dist/fonts/tfm/public/cm/cmr6.tfm
[1


] [2] [3]
Package atveryend Info: Empty hook `BeforeClearDocument' on input line 61.
 [4]
Package atveryend Info: Empty hook `AfterLastShipout' on input line 61.
 (./syntax01.aux)
Package atveryend Info: Empty hook `AtVeryEndDocument' on input line 61.
Package atveryend Info: Executing hook `AtEndAfterFileList' on input line 61.
Package rerunfilecheck Info: File `syntax01.out' has not changed.
(rerunfilecheck)             Checksum: 3FC0CE2DA3CB8BD3B611BA6E24900895.
 ) 
Here is how much of TeX's memory you used:
 36596 strings out of 492962
 742210 string characters out of 6133575
 914569 words of memory out of 5000000
 40320 multiletter control sequences out of 15000+600000
 538724 words of font info for 90 fonts, out of 8000000 for 9000
 1348 hyphenation exceptions out of 8191
 56i,18n,90p,9108b,556s stack positions out of 5000i,500n,10000p,200000b,80000s

Output written on syntax01.pdf (4 pages).
